2018-06-05 15:02:37,588 - MYtest - INFO - You had select <selenium.webdriver.chrome.webdriver.WebDriver (session="95e7f3872a95fc6395bf309b08508a91")> browser.
2018-06-05 15:02:37,886 - MYtest - INFO - browser maximize the current window.
2018-06-05 15:02:37,895 - MYtest - INFO - Open browser url is: http://oa.eascs.com/eaoa/
2018-06-05 15:02:43,571 - BasePage - INFO - Had find the element ' OA ' successful by xpath via value: .//*[@id='ea-system']/li[2] 
2018-06-05 15:02:44,220 - BasePage - INFO - The element ' OA ' was clicked.
2018-06-05 15:02:44,720 - BasePage - INFO - Sleep for 0 seconds
2018-06-05 15:02:44,781 - BasePage - INFO - Had find the element ' 税务管理 ' successful by xpath via value: .//*[@id='ea-scroll']/div/div[4]/p 
2018-06-05 15:02:44,903 - BasePage - INFO - The element ' 税务管理 ' was clicked.
2018-06-05 15:02:45,150 - BasePage - INFO - Had find the element ' 增值税申报 ' successful by xpath via value: .//*[@id='ea-scroll']/div/div[4]/div/div[4]/p 
2018-06-05 15:02:46,884 - BasePage - INFO - The element ' 增值税申报 ' was clicked.
2018-06-05 15:02:46,928 - BasePage - INFO - Into the frame is % iframe ***
2018-06-05 15:02:59,725 - MYtest - INFO - You had select <selenium.webdriver.chrome.webdriver.WebDriver (session="57e016c2a83129c0f959f9c75aca3bdf")> browser.
2018-06-05 15:03:00,009 - MYtest - INFO - browser maximize the current window.
2018-06-05 15:03:00,022 - MYtest - INFO - Open browser url is: http://oa.eascs.com/eaoa/
2018-06-05 15:03:06,737 - BasePage - INFO - Had find the element ' OA ' successful by xpath via value: .//*[@id='ea-system']/li[2] 
2018-06-05 15:03:06,996 - BasePage - INFO - The element ' OA ' was clicked.
2018-06-05 15:03:07,498 - BasePage - INFO - Sleep for 0 seconds
2018-06-05 15:03:07,558 - BasePage - INFO - Had find the element ' 税务管理 ' successful by xpath via value: .//*[@id='ea-scroll']/div/div[4]/p 
2018-06-05 15:03:07,679 - BasePage - INFO - The element ' 税务管理 ' was clicked.
2018-06-05 15:03:07,868 - BasePage - INFO - Had find the element ' 增值税申报 ' successful by xpath via value: .//*[@id='ea-scroll']/div/div[4]/div/div[4]/p 
2018-06-05 15:03:12,749 - BasePage - INFO - The element ' 增值税申报 ' was clicked.
2018-06-05 15:03:12,815 - BasePage - INFO - Into the frame is % iframe ***
2018-06-05 15:03:14,048 - BasePage - INFO - Had take screenshot and save to folder : /screenshots
2018-06-05 15:03:14,107 - BasePage - INFO - Had find the element ' 税种类型 ' successful by xpath via value: html/body/table[3]/tbody/tr/td[5] 
2018-06-05 15:03:14,129 - BasePage - INFO - Current page title is 怡亚通集团管控系统平台
