2018-05-31 15:20:23,835 - MYtest - INFO - You had select <selenium.webdriver.chrome.webdriver.WebDriver (session="18f353a59b97be1efd40d632fd66cd45")> browser.
2018-05-31 15:20:24,064 - MYtest - INFO - browser maximize the current window.
2018-05-31 15:20:24,069 - MYtest - INFO - Open browser url is: http://oa.eascs.com/eaoa/
2018-05-31 15:20:30,362 - BasePage - INFO - Had find the element ' OA ' successful by xpath via value: .//*[@id='ea-system']/li[2] 
2018-05-31 15:20:30,711 - BasePage - INFO - The element ' OA ' was clicked.
2018-05-31 15:20:31,211 - BasePage - INFO - Sleep for 0 seconds
2018-05-31 15:20:31,551 - BasePage - INFO - Had find the element ' 财务管理 ' successful by xpath via value: .//*[@id='ea-scroll']/div/div[3]/p 
2018-05-31 15:20:31,660 - BasePage - INFO - The element ' 财务管理 ' was clicked.
2018-05-31 15:20:31,806 - BasePage - INFO - Had find the element ' 预算管理 ' successful by xpath via value: .//*[@id='ea-scroll']/div/div[3]/div/div[8]/p 
2018-05-31 15:20:31,914 - BasePage - INFO - The element ' 预算管理 ' was clicked.
2018-05-31 15:20:32,215 - BasePage - INFO - Sleep for 0 seconds
2018-05-31 15:20:32,278 - BasePage - INFO - Had find the element ' 预算申请 ' successful by xpath via value: .//*[@id='ea-scroll']/div/div[3]/div/div[8]/div/p[1] 
2018-05-31 15:20:36,236 - BasePage - INFO - The element '  ' was clicked.
2018-05-31 15:20:36,267 - BasePage - INFO - Into the frame is % iframe ***
2018-05-31 15:20:37,227 - BasePage - INFO - Had take screenshot and save to folder : /screenshots
2018-05-31 15:20:37,289 - BasePage - INFO - Had find the element ' 预算部门 ' successful by xpath via value: html/body/table/tbody/tr[3]/td/table/tbody/tr/td[5] 
2018-05-31 15:20:37,313 - BasePage - INFO - Current page title is 怡亚通集团管控系统平台
2018-05-31 15:20:38,478 - MYtest - INFO - browser maximize the current window.
2018-05-31 15:20:38,483 - MYtest - INFO - Open browser url is: http://oa.eascs.com/eaoa/
2018-05-31 15:20:39,668 - BasePage - INFO - Had find the element ' OA ' successful by xpath via value: .//*[@id='ea-system']/li[2] 
2018-05-31 15:20:39,893 - BasePage - INFO - The element ' OA ' was clicked.
2018-05-31 15:20:40,393 - BasePage - INFO - Sleep for 0 seconds
2018-05-31 15:20:40,443 - BasePage - INFO - Had find the element ' 财务管理 ' successful by xpath via value: .//*[@id='ea-scroll']/div/div[3]/p 
2018-05-31 15:20:40,546 - BasePage - INFO - The element ' 财务管理 ' was clicked.
2018-05-31 15:20:40,684 - BasePage - INFO - Had find the element ' 预算管理 ' successful by xpath via value: .//*[@id='ea-scroll']/div/div[3]/div/div[8]/p 
2018-05-31 15:20:40,777 - BasePage - INFO - The element ' 预算管理 ' was clicked.
2018-05-31 15:20:41,178 - BasePage - INFO - Sleep for 0 seconds
2018-05-31 15:20:41,237 - BasePage - INFO - Had find the element ' 预算调整 ' successful by xpath via value: .//*[@id='ea-scroll']/div/div[3]/div/div[8]/div/p[2] 
2018-05-31 15:20:43,662 - BasePage - INFO - The element '  ' was clicked.
2018-05-31 15:20:43,694 - BasePage - INFO - Into the frame is % iframe ***
2018-05-31 15:20:44,705 - BasePage - INFO - Had take screenshot and save to folder : /screenshots
