2018-07-25 11:13:48,976 - MYtest - INFO - You had select <selenium.webdriver.chrome.webdriver.WebDriver (session="67fb009ef75ea5941fe41be1283750af")> browser.
2018-07-25 11:13:49,218 - MYtest - INFO - browser maximize the current window.
2018-07-25 11:13:49,228 - MYtest - INFO - Open browser url is: http://oa.eascs.com/eaoa/
2018-07-25 11:13:56,046 - BasePage - INFO - Had find the element ' EHR ' successful by xpath via value: .//*[@id='ea-system']/li[4] 
2018-07-25 11:13:56,235 - BasePage - INFO - The element ' EHR ' was clicked.
2018-07-25 11:13:56,741 - BasePage - INFO - Sleep for 0 seconds
2018-07-25 11:13:56,851 - BasePage - INFO - Had find the element ' 工作计划管理 ' successful by xpath via value: .//*[@id='ea-scroll']/div/div[7]/p 
2018-07-25 11:13:57,101 - BasePage - INFO - The element ' 工作计划管理 ' was clicked.
2018-07-25 11:13:57,201 - BasePage - INFO - Sleep for 0 seconds
2018-07-25 11:13:57,390 - BasePage - INFO - Had find the element ' 工作报告管理 ' successful by xpath via value: .//*[@id='ea-scroll']/div/div[7]/div/div[1]/p 
2018-07-25 11:13:59,560 - BasePage - INFO - The element ' 工作报告管理 ' was clicked.
2018-07-25 11:13:59,590 - BasePage - INFO - Into the frame is % iframe ***
2018-07-25 11:14:01,791 - BasePage - INFO - Had take screenshot and save to folder : /screenshots
2018-07-25 11:14:01,804 - BasePage - INFO - Current page title is 怡亚通集团管控系统平台
2018-07-25 11:14:05,664 - MYtest - INFO - browser maximize the current window.
2018-07-25 11:14:05,668 - MYtest - INFO - Open browser url is: http://oa.eascs.com/eaoa/
2018-07-25 11:14:07,339 - BasePage - INFO - Had find the element ' EHR ' successful by xpath via value: .//*[@id='ea-system']/li[4] 
2018-07-25 11:14:07,470 - BasePage - INFO - The element ' EHR ' was clicked.
2018-07-25 11:14:07,970 - BasePage - INFO - Sleep for 0 seconds
2018-07-25 11:14:08,035 - BasePage - INFO - Had find the element ' 工作计划管理 ' successful by xpath via value: .//*[@id='ea-scroll']/div/div[7]/p 
2018-07-25 11:14:08,191 - BasePage - INFO - The element ' 工作计划管理 ' was clicked.
2018-07-25 11:14:08,291 - BasePage - INFO - Sleep for 0 seconds
2018-07-25 11:14:08,354 - BasePage - INFO - Had find the element ' 目标管理 ' successful by xpath via value: .//*[@id='ea-scroll']/div/div[7]/div/div[2]/p 
2018-07-25 11:14:08,763 - BasePage - INFO - The element ' 目标管理 ' was clicked.
2018-07-25 11:14:08,791 - BasePage - INFO - Into the frame is % iframe ***
2018-07-25 11:14:10,091 - BasePage - INFO - Had take screenshot and save to folder : /screenshots
