2018-06-25 10:44:04,978 - MYtest - INFO - You had select <selenium.webdriver.chrome.webdriver.WebDriver (session="4d0a4e2cfa8f95fd0009a825b0e2b8af")> browser.
2018-06-25 10:44:05,215 - MYtest - INFO - browser maximize the current window.
2018-06-25 10:44:05,220 - MYtest - INFO - Open browser url is: http://oa.eascs.com/eaoa/
2018-06-25 10:44:13,725 - BasePage - INFO - Had find the element ' 行政 ' successful by xpath via value: .//*[@id='ea-system']/li[3] 
2018-06-25 10:44:13,888 - BasePage - INFO - The element ' 行政 ' was clicked.
2018-06-25 10:44:14,390 - BasePage - INFO - Sleep for 0 seconds
2018-06-25 10:44:14,476 - BasePage - INFO - Had find the element ' 行政服务 ' successful by xpath via value: .//*[@id='ea-scroll']/div/div[4]/p 
2018-06-25 10:44:14,645 - BasePage - INFO - The element ' 行政服务 ' was clicked.
2018-06-25 10:44:15,857 - BasePage - INFO - Sleep for 1 seconds
2018-06-25 10:44:15,942 - BasePage - INFO - Had find the element '  ' successful by xpath via value: .//*[@id='ea-scroll']/div/div[4]/div/div[7]/div/p[1] 
2018-06-25 10:44:18,183 - MYtest - INFO - browser maximize the current window.
2018-06-25 10:44:18,190 - MYtest - INFO - Open browser url is: http://oa.eascs.com/eaoa/
2018-06-25 10:44:19,736 - BasePage - INFO - Had find the element ' 行政 ' successful by xpath via value: .//*[@id='ea-system']/li[3] 
2018-06-25 10:44:19,863 - BasePage - INFO - The element ' 行政 ' was clicked.
2018-06-25 10:44:20,363 - BasePage - INFO - Sleep for 0 seconds
2018-06-25 10:44:20,425 - BasePage - INFO - Had find the element ' 行政服务 ' successful by xpath via value: .//*[@id='ea-scroll']/div/div[4]/p 
2018-06-25 10:44:20,553 - BasePage - INFO - The element ' 行政服务 ' was clicked.
2018-06-25 10:44:20,684 - BasePage - INFO - Had find the element ' 快递管理 ' successful by xpath via value: .//*[@id='ea-scroll']/div/div[4]/div/div[7]/p 
2018-06-25 10:44:20,832 - BasePage - INFO - The element ' 快递管理 ' was clicked.
2018-06-25 10:44:20,933 - BasePage - INFO - Sleep for 0 seconds
2018-06-25 10:44:21,248 - BasePage - INFO - Had find the element '  ' successful by xpath via value: .//*[@id='ea-scroll']/div/div[4]/div/div[7]/div/p[2] 
2018-06-25 10:44:23,489 - MYtest - INFO - browser maximize the current window.
2018-06-25 10:44:23,495 - MYtest - INFO - Open browser url is: http://oa.eascs.com/eaoa/
2018-06-25 10:44:25,121 - BasePage - INFO - Had find the element ' 行政 ' successful by xpath via value: .//*[@id='ea-system']/li[3] 
2018-06-25 10:44:25,254 - BasePage - INFO - The element ' 行政 ' was clicked.
2018-06-25 10:44:25,754 - BasePage - INFO - Sleep for 0 seconds
2018-06-25 10:44:25,835 - BasePage - INFO - Had find the element ' 行政服务 ' successful by xpath via value: .//*[@id='ea-scroll']/div/div[4]/p 
2018-06-25 10:44:25,955 - BasePage - INFO - The element ' 行政服务 ' was clicked.
2018-06-25 10:44:26,114 - BasePage - INFO - Had find the element ' 快递管理 ' successful by xpath via value: .//*[@id='ea-scroll']/div/div[4]/div/div[7]/p 
2018-06-25 10:44:26,229 - BasePage - INFO - The element ' 快递管理 ' was clicked.
2018-06-25 10:44:26,336 - BasePage - INFO - Sleep for 0 seconds
2018-06-25 10:44:26,601 - BasePage - INFO - Had find the element ' 快递费用统计报表 ' successful by xpath via value: .//*[@id='ea-scroll']/div/div[4]/div/div[7]/div/p[3] 
2018-06-25 10:44:57,460 - MYtest - INFO - You had select <selenium.webdriver.chrome.webdriver.WebDriver (session="35e2b3722ba00b97ef56d21f515d473d")> browser.
2018-06-25 10:44:57,734 - MYtest - INFO - browser maximize the current window.
2018-06-25 10:44:57,744 - MYtest - INFO - Open browser url is: http://oa.eascs.com/eaoa/
2018-06-25 10:45:06,394 - BasePage - INFO - Had find the element ' 行政 ' successful by xpath via value: .//*[@id='ea-system']/li[3] 
2018-06-25 10:45:06,605 - BasePage - INFO - The element ' 行政 ' was clicked.
2018-06-25 10:45:07,107 - BasePage - INFO - Sleep for 0 seconds
2018-06-25 10:45:07,189 - BasePage - INFO - Had find the element ' 行政服务 ' successful by xpath via value: .//*[@id='ea-scroll']/div/div[4]/p 
2018-06-25 10:45:07,366 - BasePage - INFO - The element ' 行政服务 ' was clicked.
2018-06-25 10:45:17,552 - BasePage - INFO - Sleep for 10 seconds
2018-06-25 10:45:17,621 - BasePage - INFO - Had find the element ' 快件接收 ' successful by xpath via value: .//*[@id='ea-scroll']/div/div[4]/div/div[7]/div/p[1] 
2018-06-25 10:45:19,358 - BasePage - INFO - The element ' 快件接收 ' was clicked.
2018-06-25 10:45:19,397 - BasePage - INFO - Into the frame is % iframe ***
2018-06-25 10:45:20,876 - BasePage - INFO - Had take screenshot and save to folder : /screenshots
2018-06-25 10:45:20,886 - BasePage - INFO - Current page title is 怡亚通集团管控系统平台
2018-06-25 10:45:22,970 - MYtest - INFO - browser maximize the current window.
2018-06-25 10:45:22,976 - MYtest - INFO - Open browser url is: http://oa.eascs.com/eaoa/
2018-06-25 10:45:24,810 - BasePage - INFO - Had find the element ' 行政 ' successful by xpath via value: .//*[@id='ea-system']/li[3] 
2018-06-25 10:45:24,981 - BasePage - INFO - The element ' 行政 ' was clicked.
2018-06-25 10:45:25,481 - BasePage - INFO - Sleep for 0 seconds
2018-06-25 10:45:25,555 - BasePage - INFO - Had find the element ' 行政服务 ' successful by xpath via value: .//*[@id='ea-scroll']/div/div[4]/p 
2018-06-25 10:45:25,812 - BasePage - INFO - The element ' 行政服务 ' was clicked.
2018-06-25 10:45:25,951 - BasePage - INFO - Had find the element ' 快递管理 ' successful by xpath via value: .//*[@id='ea-scroll']/div/div[4]/div/div[7]/p 
2018-06-25 10:45:26,090 - BasePage - INFO - The element ' 快递管理 ' was clicked.
2018-06-25 10:45:26,190 - BasePage - INFO - Sleep for 0 seconds
2018-06-25 10:45:26,326 - BasePage - INFO - Had find the element '  ' successful by xpath via value: .//*[@id='ea-scroll']/div/div[4]/div/div[7]/div/p[2] 
2018-06-25 10:45:28,335 - MYtest - INFO - browser maximize the current window.
2018-06-25 10:45:28,339 - MYtest - INFO - Open browser url is: http://oa.eascs.com/eaoa/
