2018-05-30 17:14:45,499 - MYtest - INFO - You had select <selenium.webdriver.chrome.webdriver.WebDriver (session="eb8db162972514709cb24c74f4ff619f")> browser.
2018-05-30 17:14:45,707 - MYtest - INFO - browser maximize the current window.
2018-05-30 17:14:45,712 - MYtest - INFO - Open browser url is: http://oa.eascs.com/eaoa/
2018-05-30 17:14:51,856 - BasePage - INFO - Had find the element ' OA ' successful by xpath via value: .//*[@id='ea-system']/li[2] 
2018-05-30 17:14:52,405 - BasePage - INFO - The element ' OA ' was clicked.
2018-05-30 17:14:52,905 - BasePage - INFO - Sleep for 0 seconds
2018-05-30 17:14:52,986 - BasePage - INFO - Had find the element ' 财务管理 ' successful by xpath via value: .//*[@id='ea-scroll']/div/div[3]/p 
2018-05-30 17:14:53,093 - BasePage - INFO - The element ' 财务管理 ' was clicked.
2018-05-30 17:14:53,236 - BasePage - INFO - Had find the element ' 预算管理 ' successful by xpath via value: .//*[@id='ea-scroll']/div/div[3]/div/div[8]/p 
2018-05-30 17:14:53,343 - BasePage - INFO - The element ' 预算管理 ' was clicked.
2018-05-30 17:14:53,644 - BasePage - INFO - Sleep for 0 seconds
2018-05-30 17:14:53,722 - BasePage - INFO - Had find the element ' 预算申请 ' successful by xpath via value: .//*[@id='ea-scroll']/div/div[3]/div/div[8]/div/p[1] 
2018-05-30 17:14:57,553 - BasePage - INFO - The element '  ' was clicked.
2018-05-30 17:14:57,580 - BasePage - INFO - Into the frame is % iframe ***
2018-05-30 17:14:58,500 - BasePage - INFO - Had take screenshot and save to folder : /screenshots
2018-05-30 17:14:58,556 - BasePage - INFO - Had find the element ' 预算部门 ' successful by xpath via value: html/body/table/tbody/tr[3]/td/table/tbody/tr/td[5] 
2018-05-30 17:14:58,580 - BasePage - INFO - Current page title is 怡亚通集团管控系统平台
2018-05-30 17:14:59,506 - MYtest - INFO - browser maximize the current window.
2018-05-30 17:14:59,511 - MYtest - INFO - Open browser url is: http://oa.eascs.com/eaoa/
2018-05-30 17:15:00,695 - BasePage - INFO - Had find the element ' OA ' successful by xpath via value: .//*[@id='ea-system']/li[2] 
2018-05-30 17:15:00,800 - BasePage - INFO - The element ' OA ' was clicked.
2018-05-30 17:15:01,300 - BasePage - INFO - Sleep for 0 seconds
2018-05-30 17:15:01,435 - BasePage - INFO - Had find the element ' 财务管理 ' successful by xpath via value: .//*[@id='ea-scroll']/div/div[3]/p 
2018-05-30 17:15:01,672 - BasePage - INFO - The element ' 财务管理 ' was clicked.
2018-05-30 17:15:01,817 - BasePage - INFO - Had find the element ' 预算管理 ' successful by xpath via value: .//*[@id='ea-scroll']/div/div[3]/div/div[8]/p 
2018-05-30 17:15:01,909 - BasePage - INFO - The element ' 预算管理 ' was clicked.
2018-05-30 17:15:02,210 - BasePage - INFO - Sleep for 0 seconds
2018-05-30 17:15:02,286 - BasePage - INFO - Had find the element ' 预算调整 ' successful by xpath via value: .//*[@id='ea-scroll']/div/div[3]/div/div[8]/div/p[2] 
2018-05-30 17:15:02,733 - BasePage - INFO - The element ' 预算调整 ' was clicked.
2018-05-30 17:15:02,764 - BasePage - INFO - Into the frame is % iframe ***
2018-05-30 17:15:03,610 - BasePage - INFO - Had take screenshot and save to folder : /screenshots
