2018-06-22 15:11:03,945 - MYtest - INFO - You had select <selenium.webdriver.chrome.webdriver.WebDriver (session="5ad37d21f1da7bbe7607ab73ca39240e")> browser.
2018-06-22 15:11:04,363 - MYtest - INFO - browser maximize the current window.
2018-06-22 15:11:04,371 - MYtest - INFO - Open browser url is: http://oa.eascs.com/eaoa/
2018-06-22 15:11:15,399 - BasePage - INFO - Had find the element ' 行政 ' successful by xpath via value: .//*[@id='ea-system']/li[3] 
2018-06-22 15:11:15,909 - BasePage - INFO - The element ' 行政 ' was clicked.
2018-06-22 15:11:16,411 - BasePage - INFO - Sleep for 0 seconds
2018-06-22 15:11:16,480 - BasePage - INFO - Had find the element ' 行政服务 ' successful by xpath via value: .//*[@id='ea-scroll']/div/div[4]/p 
2018-06-22 15:11:16,626 - BasePage - INFO - The element ' 行政服务 ' was clicked.
2018-06-22 15:11:16,762 - BasePage - INFO - Had find the element ' 卡位管理 ' successful by xpath via value: .//*[@id='ea-scroll']/div/div[4]/div/div[6]/p 
2018-06-22 15:11:16,891 - BasePage - INFO - The element ' 卡位管理 ' was clicked.
2018-06-22 15:11:16,991 - BasePage - INFO - Sleep for 0 seconds
2018-06-22 15:11:17,246 - BasePage - INFO - Had find the element ' 卡位管理 ' successful by xpath via value: .//*[@id='ea-scroll']/div/div[4]/div/div[6]/div/p[1] 
2018-06-22 15:11:17,810 - BasePage - INFO - The element ' 卡位管理 ' was clicked.
2018-06-22 15:11:17,862 - BasePage - INFO - Into the frame is % iframe ***
2018-06-22 15:11:19,030 - BasePage - INFO - Had take screenshot and save to folder : /screenshots
2018-06-22 15:11:19,043 - BasePage - INFO - Current page title is 怡亚通集团管控系统平台
2018-06-22 15:11:20,924 - MYtest - INFO - browser maximize the current window.
2018-06-22 15:11:20,928 - MYtest - INFO - Open browser url is: http://oa.eascs.com/eaoa/
2018-06-22 15:11:22,860 - BasePage - INFO - Had find the element ' 行政 ' successful by xpath via value: .//*[@id='ea-system']/li[3] 
2018-06-22 15:11:23,018 - BasePage - INFO - The element ' 行政 ' was clicked.
2018-06-22 15:11:23,519 - BasePage - INFO - Sleep for 0 seconds
2018-06-22 15:11:23,592 - BasePage - INFO - Had find the element ' 行政服务 ' successful by xpath via value: .//*[@id='ea-scroll']/div/div[4]/p 
2018-06-22 15:11:23,706 - BasePage - INFO - The element ' 行政服务 ' was clicked.
2018-06-22 15:11:23,867 - BasePage - INFO - Had find the element ' 卡位管理 ' successful by xpath via value: .//*[@id='ea-scroll']/div/div[4]/div/div[6]/p 
2018-06-22 15:11:23,982 - BasePage - INFO - The element ' 卡位管理 ' was clicked.
2018-06-22 15:11:24,082 - BasePage - INFO - Sleep for 0 seconds
2018-06-22 15:11:24,276 - BasePage - INFO - Had find the element '  ' successful by xpath via value: .//*[@id='ea-scroll']/div/div[4]/div/div[6]/div/p[2] 
