2018-05-31 15:22:56,564 - MYtest - INFO - You had select <selenium.webdriver.chrome.webdriver.WebDriver (session="844af00a631379e6800e158d511f510a")> browser.
2018-05-31 15:22:56,898 - MYtest - INFO - browser maximize the current window.
2018-05-31 15:22:56,909 - MYtest - INFO - Open browser url is: http://oa.eascs.com/eaoa/
2018-05-31 15:23:02,935 - BasePage - INFO - Had find the element ' OA ' successful by xpath via value: .//*[@id='ea-system']/li[2] 
2018-05-31 15:23:03,584 - BasePage - INFO - The element ' OA ' was clicked.
2018-05-31 15:23:04,084 - BasePage - INFO - Sleep for 0 seconds
2018-05-31 15:23:04,160 - BasePage - INFO - Had find the element ' 财务管理 ' successful by xpath via value: .//*[@id='ea-scroll']/div/div[3]/p 
2018-05-31 15:23:04,282 - BasePage - INFO - The element ' 财务管理 ' was clicked.
2018-05-31 15:23:04,439 - BasePage - INFO - Had find the element ' 预算管理 ' successful by xpath via value: .//*[@id='ea-scroll']/div/div[3]/div/div[8]/p 
2018-05-31 15:23:04,541 - BasePage - INFO - The element ' 预算管理 ' was clicked.
2018-05-31 15:23:04,841 - BasePage - INFO - Sleep for 0 seconds
2018-05-31 15:23:04,916 - BasePage - INFO - Had find the element ' 预算申请 ' successful by xpath via value: .//*[@id='ea-scroll']/div/div[3]/div/div[8]/div/p[1] 
2018-05-31 15:23:08,359 - BasePage - INFO - The element '  ' was clicked.
2018-05-31 15:23:08,389 - BasePage - INFO - Into the frame is % iframe ***
2018-05-31 15:23:09,387 - BasePage - INFO - Had take screenshot and save to folder : /screenshots
2018-05-31 15:23:09,442 - BasePage - INFO - Had find the element ' 预算部门 ' successful by xpath via value: html/body/table/tbody/tr[3]/td/table/tbody/tr/td[5] 
2018-05-31 15:23:09,461 - BasePage - INFO - Current page title is 怡亚通集团管控系统平台
2018-05-31 15:23:10,450 - MYtest - INFO - browser maximize the current window.
2018-05-31 15:23:10,453 - MYtest - INFO - Open browser url is: http://oa.eascs.com/eaoa/
2018-05-31 15:23:11,474 - BasePage - INFO - Had find the element ' OA ' successful by xpath via value: .//*[@id='ea-system']/li[2] 
2018-05-31 15:23:11,612 - BasePage - INFO - The element ' OA ' was clicked.
2018-05-31 15:23:12,112 - BasePage - INFO - Sleep for 0 seconds
2018-05-31 15:23:12,184 - BasePage - INFO - Had find the element ' 财务管理 ' successful by xpath via value: .//*[@id='ea-scroll']/div/div[3]/p 
2018-05-31 15:23:12,312 - BasePage - INFO - The element ' 财务管理 ' was clicked.
2018-05-31 15:23:12,425 - BasePage - INFO - Had find the element ' 预算管理 ' successful by xpath via value: .//*[@id='ea-scroll']/div/div[3]/div/div[8]/p 
2018-05-31 15:23:12,518 - BasePage - INFO - The element ' 预算管理 ' was clicked.
2018-05-31 15:23:12,919 - BasePage - INFO - Sleep for 0 seconds
2018-05-31 15:23:13,011 - BasePage - INFO - Had find the element ' 预算调整 ' successful by xpath via value: .//*[@id='ea-scroll']/div/div[3]/div/div[8]/div/p[2] 
2018-05-31 15:23:14,637 - BasePage - INFO - The element '  ' was clicked.
2018-05-31 15:23:14,672 - BasePage - INFO - Into the frame is % iframe ***
2018-05-31 15:23:15,511 - BasePage - INFO - Had take screenshot and save to folder : /screenshots
2018-05-31 15:23:15,566 - BasePage - INFO - Had find the element ' 预算年度 ' successful by xpath via value: html/body/table/tbody/tr[3]/td/table/tbody/tr/td[3] 
2018-05-31 15:23:15,584 - BasePage - INFO - Current page title is 怡亚通集团管控系统平台
