2018-07-25 14:09:00,419 - MYtest - INFO - You had select <selenium.webdriver.chrome.webdriver.WebDriver (session="8b135c0f07b7e0ce88752dc6323ae618")> browser.
2018-07-25 14:09:00,662 - MYtest - INFO - browser maximize the current window.
2018-07-25 14:09:00,669 - MYtest - INFO - Open browser url is: http://oa.eascs.com/eaoa/
2018-07-25 14:09:08,610 - BasePage - INFO - Had find the element ' EHR ' successful by xpath via value: .//*[@id='ea-system']/li[4] 
2018-07-25 14:09:08,754 - BasePage - INFO - The element ' EHR ' was clicked.
2018-07-25 14:09:09,255 - BasePage - INFO - Sleep for 0 seconds
2018-07-25 14:09:09,320 - BasePage - INFO - Had find the element ' 考勤管理 ' successful by xpath via value: .//*[@id='ea-scroll']/div/div[9]/p 
2018-07-25 14:09:09,468 - BasePage - INFO - The element ' 考勤管理 ' was clicked.
2018-07-25 14:09:09,570 - BasePage - INFO - Sleep for 0 seconds
2018-07-25 14:09:09,650 - BasePage - INFO - Had find the element ' 请假加班申请 ' successful by xpath via value: .//*[@id='ea-scroll']/div/div[9]/div/div[1]/p 
2018-07-25 14:09:11,293 - BasePage - INFO - The element ' 请假加班申请 ' was clicked.
2018-07-25 14:09:11,336 - BasePage - INFO - Into the frame is % iframe ***
2018-07-25 14:09:13,282 - BasePage - INFO - Had take screenshot and save to folder : /screenshots
2018-07-25 14:09:13,294 - BasePage - INFO - Current page title is 怡亚通集团管控系统平台
2018-07-25 14:09:16,287 - MYtest - INFO - browser maximize the current window.
2018-07-25 14:09:16,291 - MYtest - INFO - Open browser url is: http://oa.eascs.com/eaoa/
2018-07-25 14:09:18,006 - BasePage - INFO - Had find the element ' EHR ' successful by xpath via value: .//*[@id='ea-system']/li[4] 
2018-07-25 14:09:18,136 - BasePage - INFO - The element ' EHR ' was clicked.
2018-07-25 14:09:18,636 - BasePage - INFO - Sleep for 0 seconds
2018-07-25 14:09:18,697 - BasePage - INFO - Had find the element ' 考勤管理 ' successful by xpath via value: .//*[@id='ea-scroll']/div/div[9]/p 
2018-07-25 14:09:18,835 - BasePage - INFO - The element ' 考勤管理 ' was clicked.
2018-07-25 14:09:18,936 - BasePage - INFO - Sleep for 0 seconds
2018-07-25 14:09:19,010 - BasePage - INFO - Had find the element ' 考勤明细查询 ' successful by xpath via value: .//*[@id='ea-scroll']/div/div[9]/div/div[2]/p 
2018-07-25 14:09:19,514 - BasePage - INFO - The element ' 考勤明细查询 ' was clicked.
2018-07-25 14:09:19,557 - BasePage - INFO - Into the frame is % iframe ***
2018-07-25 14:09:21,057 - BasePage - INFO - Had take screenshot and save to folder : /screenshots
2018-07-25 14:09:21,074 - BasePage - INFO - Current page title is 怡亚通集团管控系统平台
