2018-06-01 11:11:43,353 - MYtest - INFO - You had select <selenium.webdriver.chrome.webdriver.WebDriver (session="934399748daf94151821d438645bfd51")> browser.
2018-06-01 11:11:43,588 - MYtest - INFO - browser maximize the current window.
2018-06-01 11:11:43,594 - MYtest - INFO - Open browser url is: http://oa.eascs.com/eaoa/
2018-06-01 11:11:48,968 - BasePage - INFO - Had find the element ' OA ' successful by xpath via value: .//*[@id='ea-system']/li[2] 
2018-06-01 11:11:49,662 - BasePage - INFO - The element ' OA ' was clicked.
2018-06-01 11:11:50,164 - BasePage - INFO - Sleep for 0 seconds
2018-06-01 11:11:50,232 - BasePage - INFO - Had find the element ' 财务管理 ' successful by xpath via value: .//*[@id='ea-scroll']/div/div[3]/p 
2018-06-01 11:11:50,338 - BasePage - INFO - The element ' 财务管理 ' was clicked.
2018-06-01 11:11:50,502 - BasePage - INFO - Had find the element ' 预算管理 ' successful by xpath via value: .//*[@id='ea-scroll']/div/div[3]/div/div[8]/p 
2018-06-01 11:11:50,604 - BasePage - INFO - The element ' 预算管理 ' was clicked.
2018-06-01 11:11:50,904 - BasePage - INFO - Sleep for 0 seconds
2018-06-01 11:11:50,975 - BasePage - INFO - Had find the element ' 预算申请 ' successful by xpath via value: .//*[@id='ea-scroll']/div/div[3]/div/div[8]/div/p[1] 
2018-06-01 11:11:53,350 - BasePage - INFO - The element ' 预算申请 ' was clicked.
2018-06-01 11:11:53,400 - BasePage - INFO - Into the frame is % iframe ***
2018-06-01 11:11:54,553 - BasePage - INFO - Had take screenshot and save to folder : /screenshots
2018-06-01 11:11:54,611 - BasePage - INFO - Had find the element ' 预算部门 ' successful by xpath via value: html/body/table/tbody/tr[3]/td/table/tbody/tr/td[5] 
2018-06-01 11:11:54,634 - BasePage - INFO - Current page title is 怡亚通集团管控系统平台
2018-06-01 11:11:55,922 - MYtest - INFO - browser maximize the current window.
2018-06-01 11:11:55,926 - MYtest - INFO - Open browser url is: http://oa.eascs.com/eaoa/
2018-06-01 11:11:57,269 - BasePage - INFO - Had find the element ' OA ' successful by xpath via value: .//*[@id='ea-system']/li[2] 
2018-06-01 11:11:57,395 - BasePage - INFO - The element ' OA ' was clicked.
2018-06-01 11:11:57,896 - BasePage - INFO - Sleep for 0 seconds
2018-06-01 11:11:57,944 - BasePage - INFO - Had find the element ' 财务管理 ' successful by xpath via value: .//*[@id='ea-scroll']/div/div[3]/p 
2018-06-01 11:11:58,052 - BasePage - INFO - The element ' 财务管理 ' was clicked.
2018-06-01 11:11:58,178 - BasePage - INFO - Had find the element ' 预算管理 ' successful by xpath via value: .//*[@id='ea-scroll']/div/div[3]/div/div[8]/p 
2018-06-01 11:11:58,270 - BasePage - INFO - The element ' 预算管理 ' was clicked.
2018-06-01 11:11:58,670 - BasePage - INFO - Sleep for 0 seconds
2018-06-01 11:11:58,735 - BasePage - INFO - Had find the element ' 预算调整 ' successful by xpath via value: .//*[@id='ea-scroll']/div/div[3]/div/div[8]/div/p[2] 
2018-06-01 11:11:59,265 - BasePage - INFO - The element ' 预算调整 ' was clicked.
2018-06-01 11:11:59,293 - BasePage - INFO - Into the frame is % iframe ***
2018-06-01 11:12:00,037 - BasePage - INFO - Had take screenshot and save to folder : /screenshots
2018-06-01 11:12:00,100 - BasePage - INFO - Had find the element ' 预算年度 ' successful by xpath via value: html/body/table/tbody/tr[3]/td/table/tbody/tr/td[3] 
2018-06-01 11:12:00,122 - BasePage - INFO - Current page title is 怡亚通集团管控系统平台
2018-06-01 11:12:01,190 - MYtest - INFO - browser maximize the current window.
2018-06-01 11:12:01,197 - MYtest - INFO - Open browser url is: http://oa.eascs.com/eaoa/
2018-06-01 11:12:02,647 - BasePage - INFO - Had find the element ' OA ' successful by xpath via value: .//*[@id='ea-system']/li[2] 
2018-06-01 11:12:02,779 - BasePage - INFO - The element ' OA ' was clicked.
2018-06-01 11:12:03,280 - BasePage - INFO - Sleep for 0 seconds
2018-06-01 11:12:03,329 - BasePage - INFO - Had find the element ' 财务管理 ' successful by xpath via value: .//*[@id='ea-scroll']/div/div[3]/p 
2018-06-01 11:12:03,449 - BasePage - INFO - The element ' 财务管理 ' was clicked.
2018-06-01 11:12:03,569 - BasePage - INFO - Had find the element ' 预算管理 ' successful by xpath via value: .//*[@id='ea-scroll']/div/div[3]/div/div[8]/p 
2018-06-01 11:12:03,667 - BasePage - INFO - The element ' 预算管理 ' was clicked.
2018-06-01 11:12:04,067 - BasePage - INFO - Sleep for 0 seconds
2018-06-01 11:12:04,130 - BasePage - INFO - Had find the element ' 额度管理 ' successful by xpath via value: .//*[@id='ea-scroll']/div/div[3]/div/div[8]/div/p[3] 
2018-06-01 11:12:05,758 - BasePage - INFO - The element ' 额度管理 ' was clicked.
2018-06-01 11:12:05,789 - BasePage - INFO - Into the frame is % iframe ***
2018-06-01 11:12:06,605 - BasePage - INFO - Had take screenshot and save to folder : /screenshots
2018-06-01 11:12:07,793 - MYtest - INFO - browser maximize the current window.
2018-06-01 11:12:07,798 - MYtest - INFO - Open browser url is: http://oa.eascs.com/eaoa/
2018-06-01 11:12:09,318 - BasePage - INFO - Had find the element ' OA ' successful by xpath via value: .//*[@id='ea-system']/li[2] 
2018-06-01 11:12:09,522 - BasePage - INFO - The element ' OA ' was clicked.
2018-06-01 11:12:10,023 - BasePage - INFO - Sleep for 0 seconds
2018-06-01 11:12:10,081 - BasePage - INFO - Had find the element ' 财务管理 ' successful by xpath via value: .//*[@id='ea-scroll']/div/div[3]/p 
2018-06-01 11:12:10,207 - BasePage - INFO - The element ' 财务管理 ' was clicked.
2018-06-01 11:12:10,369 - BasePage - INFO - Had find the element ' 预算管理 ' successful by xpath via value: .//*[@id='ea-scroll']/div/div[3]/div/div[8]/p 
2018-06-01 11:12:10,485 - BasePage - INFO - The element ' 预算管理 ' was clicked.
2018-06-01 11:12:10,885 - BasePage - INFO - Sleep for 0 seconds
2018-06-01 11:12:10,948 - BasePage - INFO - Had find the element ' 额度比例申请 ' successful by xpath via value: .//*[@id='ea-scroll']/div/div[3]/div/div[8]/div/p[4] 
2018-06-01 11:12:12,457 - BasePage - INFO - The element '  ' was clicked.
2018-06-01 11:12:12,495 - BasePage - INFO - Into the frame is % iframe ***
2018-06-01 11:12:13,293 - BasePage - INFO - Had take screenshot and save to folder : /screenshots
2018-06-01 11:12:13,355 - BasePage - INFO - Had find the element ' 单据编号 ' successful by id via value: billcode 
2018-06-01 11:12:13,381 - BasePage - INFO - Current page title is 怡亚通集团管控系统平台
2018-06-01 11:12:14,698 - MYtest - INFO - browser maximize the current window.
2018-06-01 11:12:14,701 - MYtest - INFO - Open browser url is: http://oa.eascs.com/eaoa/
2018-06-01 11:12:16,495 - BasePage - INFO - Had find the element ' OA ' successful by xpath via value: .//*[@id='ea-system']/li[2] 
2018-06-01 11:12:16,667 - BasePage - INFO - The element ' OA ' was clicked.
2018-06-01 11:12:17,168 - BasePage - INFO - Sleep for 0 seconds
2018-06-01 11:12:17,217 - BasePage - INFO - Had find the element ' 财务管理 ' successful by xpath via value: .//*[@id='ea-scroll']/div/div[3]/p 
2018-06-01 11:12:17,355 - BasePage - INFO - The element ' 财务管理 ' was clicked.
2018-06-01 11:12:17,533 - BasePage - INFO - Had find the element ' 预算管理 ' successful by xpath via value: .//*[@id='ea-scroll']/div/div[3]/div/div[8]/p 
2018-06-01 11:12:17,645 - BasePage - INFO - The element ' 预算管理 ' was clicked.
2018-06-01 11:12:18,045 - BasePage - INFO - Sleep for 0 seconds
2018-06-01 11:12:18,113 - BasePage - INFO - Had find the element ' 额度报表 ' successful by xpath via value: .//*[@id='ea-scroll']/div/div[3]/div/div[8]/div/p[5] 
2018-06-01 11:12:19,676 - BasePage - INFO - The element '  ' was clicked.
2018-06-01 11:12:19,715 - BasePage - INFO - Into the frame is % iframe ***
2018-06-01 11:12:20,583 - BasePage - INFO - Had take screenshot and save to folder : /screenshots
2018-06-01 11:12:20,644 - BasePage - INFO - Had find the element ' 年度 ' successful by xpath via value: .//*[@id='results_table']/tbody/tr/td[3] 
2018-06-01 11:12:20,663 - BasePage - INFO - Current page title is 怡亚通集团管控系统平台
2018-06-01 11:12:20,671 - BasePage - INFO - back frame
