2018-07-09 09:45:28,162 - MYtest - INFO - You had select <selenium.webdriver.chrome.webdriver.WebDriver (session="93b5d0dd9e7023f1f47a8b963fc8c29b")> browser.
2018-07-09 09:45:28,392 - MYtest - INFO - browser maximize the current window.
2018-07-09 09:45:28,396 - MYtest - INFO - Open browser url is: http://oa.eascs.com/eaoa/
2018-07-09 09:45:38,544 - BasePage - INFO - Had find the element ' 行政 ' successful by xpath via value: .//*[@id='ea-system']/li[3] 
2018-07-09 09:45:38,629 - BasePage - INFO - The element ' 行政 ' was clicked.
2018-07-09 09:45:39,130 - BasePage - INFO - Sleep for 0 seconds
2018-07-09 09:45:39,204 - BasePage - INFO - Had find the element ' 资产管理 ' successful by xpath via value: .//*[@id='ea-scroll']/div/div[6]/p 
2018-07-09 09:45:39,297 - BasePage - INFO - The element ' 资产管理 ' was clicked.
2018-07-09 09:45:39,443 - BasePage - INFO - Had find the element ' 低值易耗品管理 ' successful by xpath via value: .//*[@id='ea-scroll']/div/div[6]/div/div[2]/p 
2018-07-09 09:45:39,532 - BasePage - INFO - The element ' 低值易耗品管理 ' was clicked.
2018-07-09 09:45:39,632 - BasePage - INFO - Sleep for 0 seconds
2018-07-09 09:45:39,685 - BasePage - INFO - Had find the element ' 采购申请 ' successful by xpath via value: .//*[@id='ea-scroll']/div/div[6]/div/div[2]/div/p[1] 
2018-07-09 09:45:43,131 - BasePage - INFO - The element ' 采购申请 ' was clicked.
2018-07-09 09:45:43,167 - BasePage - INFO - Into the frame is % iframe ***
2018-07-09 09:45:44,512 - BasePage - INFO - Had take screenshot and save to folder : /screenshots
2018-07-09 09:45:44,520 - BasePage - INFO - Current page title is 怡亚通集团管控系统平台
2018-07-09 09:45:46,634 - MYtest - INFO - browser maximize the current window.
2018-07-09 09:45:46,635 - MYtest - INFO - Open browser url is: http://oa.eascs.com/eaoa/
2018-07-09 09:45:48,184 - BasePage - INFO - Had find the element ' 行政 ' successful by xpath via value: .//*[@id='ea-system']/li[3] 
2018-07-09 09:45:48,281 - BasePage - INFO - The element ' 行政 ' was clicked.
2018-07-09 09:45:48,781 - BasePage - INFO - Sleep for 0 seconds
2018-07-09 09:45:48,840 - BasePage - INFO - Had find the element ' 资产管理 ' successful by xpath via value: .//*[@id='ea-scroll']/div/div[6]/p 
2018-07-09 09:45:48,926 - BasePage - INFO - The element ' 资产管理 ' was clicked.
2018-07-09 09:45:49,041 - BasePage - INFO - Had find the element ' 低值易耗品管理 ' successful by xpath via value: .//*[@id='ea-scroll']/div/div[6]/div/div[2]/p 
2018-07-09 09:45:49,128 - BasePage - INFO - The element ' 低值易耗品管理 ' was clicked.
2018-07-09 09:45:49,228 - BasePage - INFO - Sleep for 0 seconds
2018-07-09 09:45:49,293 - BasePage - INFO - Had find the element ' 领用申请 ' successful by xpath via value: .//*[@id='ea-scroll']/div/div[6]/div/div[2]/div/p[2] 
2018-07-09 09:45:51,091 - BasePage - INFO - The element ' 领用申请 ' was clicked.
2018-07-09 09:45:51,110 - BasePage - INFO - Into the frame is % iframe ***
2018-07-09 09:45:52,123 - BasePage - INFO - Had take screenshot and save to folder : /screenshots
2018-07-09 09:45:52,130 - BasePage - INFO - Current page title is 怡亚通集团管控系统平台
