2018-05-31 15:26:56,510 - MYtest - INFO - You had select <selenium.webdriver.chrome.webdriver.WebDriver (session="6afc324133a04ae54f25d980b0487755")> browser.
2018-05-31 15:26:56,914 - MYtest - INFO - browser maximize the current window.
2018-05-31 15:26:56,918 - MYtest - INFO - Open browser url is: http://oa.eascs.com/eaoa/
2018-05-31 15:27:02,711 - BasePage - INFO - Had find the element ' OA ' successful by xpath via value: .//*[@id='ea-system']/li[2] 
2018-05-31 15:27:03,030 - BasePage - INFO - The element ' OA ' was clicked.
2018-05-31 15:27:03,530 - BasePage - INFO - Sleep for 0 seconds
2018-05-31 15:27:03,640 - BasePage - INFO - Had find the element ' 财务管理 ' successful by xpath via value: .//*[@id='ea-scroll']/div/div[3]/p 
2018-05-31 15:27:03,778 - BasePage - INFO - The element ' 财务管理 ' was clicked.
2018-05-31 15:27:04,352 - BasePage - INFO - Had find the element ' 预算管理 ' successful by xpath via value: .//*[@id='ea-scroll']/div/div[3]/div/div[8]/p 
2018-05-31 15:27:04,464 - BasePage - INFO - The element ' 预算管理 ' was clicked.
2018-05-31 15:27:04,764 - BasePage - INFO - Sleep for 0 seconds
2018-05-31 15:27:04,825 - BasePage - INFO - Had find the element ' 预算申请 ' successful by xpath via value: .//*[@id='ea-scroll']/div/div[3]/div/div[8]/div/p[1] 
2018-05-31 15:27:08,750 - BasePage - INFO - The element ' 预算申请 ' was clicked.
2018-05-31 15:27:08,778 - BasePage - INFO - Into the frame is % iframe ***
2018-05-31 15:27:09,694 - BasePage - INFO - Had take screenshot and save to folder : /screenshots
2018-05-31 15:27:09,751 - BasePage - INFO - Had find the element ' 预算部门 ' successful by xpath via value: html/body/table/tbody/tr[3]/td/table/tbody/tr/td[5] 
2018-05-31 15:27:09,778 - BasePage - INFO - Current page title is 怡亚通集团管控系统平台
2018-05-31 15:27:10,722 - MYtest - INFO - browser maximize the current window.
2018-05-31 15:27:10,725 - MYtest - INFO - Open browser url is: http://oa.eascs.com/eaoa/
2018-05-31 15:27:12,068 - BasePage - INFO - Had find the element ' OA ' successful by xpath via value: .//*[@id='ea-system']/li[2] 
2018-05-31 15:27:12,206 - BasePage - INFO - The element ' OA ' was clicked.
2018-05-31 15:27:12,706 - BasePage - INFO - Sleep for 0 seconds
2018-05-31 15:27:12,752 - BasePage - INFO - Had find the element ' 财务管理 ' successful by xpath via value: .//*[@id='ea-scroll']/div/div[3]/p 
2018-05-31 15:27:12,932 - BasePage - INFO - The element ' 财务管理 ' was clicked.
2018-05-31 15:27:13,068 - BasePage - INFO - Had find the element ' 预算管理 ' successful by xpath via value: .//*[@id='ea-scroll']/div/div[3]/div/div[8]/p 
2018-05-31 15:27:13,166 - BasePage - INFO - The element ' 预算管理 ' was clicked.
2018-05-31 15:27:13,566 - BasePage - INFO - Sleep for 0 seconds
2018-05-31 15:27:13,634 - BasePage - INFO - Had find the element ' 预算调整 ' successful by xpath via value: .//*[@id='ea-scroll']/div/div[3]/div/div[8]/div/p[2] 
2018-05-31 15:27:15,084 - BasePage - INFO - The element '  ' was clicked.
2018-05-31 15:27:15,118 - BasePage - INFO - Into the frame is % iframe ***
2018-05-31 15:27:16,087 - BasePage - INFO - Had take screenshot and save to folder : /screenshots
2018-05-31 15:27:16,145 - BasePage - INFO - Had find the element ' 预算年度 ' successful by xpath via value: html/body/table/tbody/tr[3]/td/table/tbody/tr/td[3] 
2018-05-31 15:27:16,164 - BasePage - INFO - Current page title is 怡亚通集团管控系统平台
