2018-06-20 10:40:12,717 - MYtest - INFO - You had select <selenium.webdriver.chrome.webdriver.WebDriver (session="9d1573e363a4ce1612da1d82ab1069f4")> browser.
2018-06-20 10:40:12,949 - MYtest - INFO - browser maximize the current window.
2018-06-20 10:40:12,961 - MYtest - INFO - Open browser url is: http://oa.eascs.com/eaoa/
2018-06-20 10:40:20,645 - BasePage - INFO - Had find the element ' 行政 ' successful by xpath via value: .//*[@id='ea-system']/li[3] 
2018-06-20 10:40:20,812 - BasePage - INFO - The element ' 行政 ' was clicked.
2018-06-20 10:40:21,313 - BasePage - INFO - Sleep for 0 seconds
2018-06-20 10:40:21,390 - BasePage - INFO - Had find the element ' 印章管理 ' successful by xpath via value: .//*[@id='ea-scroll']/div/div[1]/p 
2018-06-20 10:40:21,489 - BasePage - INFO - The element ' 印章管理 ' was clicked.
2018-06-20 10:40:21,627 - BasePage - INFO - Had find the element ' 空白用印纸管理 ' successful by xpath via value: .//*[@id='ea-scroll']/div/div[1]/div/div[6]/p 
2018-06-20 10:40:21,726 - BasePage - INFO - The element ' 空白用印纸管理 ' was clicked.
2018-06-20 10:40:21,786 - BasePage - INFO - Had find the element ' 查询 ' successful by xpath via value: .//*[@id='ea-scroll']/div/div[1]/div/div[6]/div/p[1] 
2018-06-20 10:40:23,610 - BasePage - INFO - The element '  ' was clicked.
2018-06-20 10:40:23,644 - BasePage - INFO - Into the frame is % iframe ***
2018-06-20 10:40:24,753 - BasePage - INFO - Had take screenshot and save to folder : /screenshots
2018-06-20 10:40:24,762 - BasePage - INFO - Current page title is 怡亚通集团管控系统平台
2018-06-20 10:40:26,439 - MYtest - INFO - browser maximize the current window.
2018-06-20 10:40:26,442 - MYtest - INFO - Open browser url is: http://oa.eascs.com/eaoa/
2018-06-20 10:40:28,091 - BasePage - INFO - Had find the element ' 行政 ' successful by xpath via value: .//*[@id='ea-system']/li[3] 
2018-06-20 10:40:28,324 - BasePage - INFO - The element ' 行政 ' was clicked.
2018-06-20 10:40:28,824 - BasePage - INFO - Sleep for 0 seconds
2018-06-20 10:40:28,889 - BasePage - INFO - Had find the element ' 印章管理 ' successful by xpath via value: .//*[@id='ea-scroll']/div/div[1]/p 
2018-06-20 10:40:29,028 - BasePage - INFO - The element ' 印章管理 ' was clicked.
2018-06-20 10:40:29,156 - BasePage - INFO - Had find the element ' 空白用印纸管理 ' successful by xpath via value: .//*[@id='ea-scroll']/div/div[1]/div/div[6]/p 
2018-06-20 10:40:29,272 - BasePage - INFO - The element ' 空白用印纸管理 ' was clicked.
2018-06-20 10:40:29,331 - BasePage - INFO - Had find the element ' 保管人申领 ' successful by xpath via value: .//*[@id='ea-scroll']/div/div[1]/div/div[6]/div/p[2] 
2018-06-20 10:40:30,977 - BasePage - INFO - The element '  ' was clicked.
2018-06-20 10:40:31,007 - BasePage - INFO - Into the frame is % iframe ***
2018-06-20 10:40:33,346 - BasePage - INFO - Had take screenshot and save to folder : /screenshots
2018-06-20 10:40:33,356 - BasePage - INFO - Current page title is 怡亚通集团管控系统平台
2018-06-20 10:40:35,054 - MYtest - INFO - browser maximize the current window.
2018-06-20 10:40:35,058 - MYtest - INFO - Open browser url is: http://oa.eascs.com/eaoa/
2018-06-20 10:40:37,097 - BasePage - INFO - Had find the element ' 行政 ' successful by xpath via value: .//*[@id='ea-system']/li[3] 
2018-06-20 10:40:37,264 - BasePage - INFO - The element ' 行政 ' was clicked.
2018-06-20 10:40:37,764 - BasePage - INFO - Sleep for 0 seconds
2018-06-20 10:40:37,823 - BasePage - INFO - Had find the element ' 印章管理 ' successful by xpath via value: .//*[@id='ea-scroll']/div/div[1]/p 
2018-06-20 10:40:37,955 - BasePage - INFO - The element ' 印章管理 ' was clicked.
2018-06-20 10:40:38,087 - BasePage - INFO - Had find the element ' 空白用印纸管理 ' successful by xpath via value: .//*[@id='ea-scroll']/div/div[1]/div/div[6]/p 
2018-06-20 10:40:38,202 - BasePage - INFO - The element ' 空白用印纸管理 ' was clicked.
2018-06-20 10:40:38,267 - BasePage - INFO - Had find the element ' 使用人申请 ' successful by xpath via value: .//*[@id='ea-scroll']/div/div[1]/div/div[6]/div/p[3] 
2018-06-20 10:40:39,680 - BasePage - INFO - The element '  ' was clicked.
2018-06-20 10:40:39,709 - BasePage - INFO - Into the frame is % iframe ***
2018-06-20 10:40:42,083 - BasePage - INFO - Had take screenshot and save to folder : /screenshots
2018-06-20 10:40:42,093 - BasePage - INFO - Current page title is 怡亚通集团管控系统平台
2018-06-20 10:40:43,842 - MYtest - INFO - browser maximize the current window.
2018-06-20 10:40:43,845 - MYtest - INFO - Open browser url is: http://oa.eascs.com/eaoa/
2018-06-20 10:40:46,338 - BasePage - INFO - Had find the element ' 行政 ' successful by xpath via value: .//*[@id='ea-system']/li[3] 
2018-06-20 10:40:46,440 - BasePage - INFO - The element ' 行政 ' was clicked.
2018-06-20 10:40:46,940 - BasePage - INFO - Sleep for 0 seconds
2018-06-20 10:40:47,023 - BasePage - INFO - Had find the element ' 印章管理 ' successful by xpath via value: .//*[@id='ea-scroll']/div/div[1]/p 
2018-06-20 10:40:47,146 - BasePage - INFO - The element ' 印章管理 ' was clicked.
2018-06-20 10:40:47,248 - BasePage - INFO - Had find the element ' 空白用印纸管理 ' successful by xpath via value: .//*[@id='ea-scroll']/div/div[1]/div/div[6]/p 
2018-06-20 10:40:47,369 - BasePage - INFO - The element ' 空白用印纸管理 ' was clicked.
2018-06-20 10:40:47,429 - BasePage - INFO - Had find the element ' 核销 ' successful by xpath via value: .//*[@id='ea-scroll']/div/div[1]/div/div[6]/div/p[4] 
2018-06-20 10:40:48,856 - BasePage - INFO - The element ' 核销 ' was clicked.
2018-06-20 10:40:48,892 - BasePage - INFO - Into the frame is % iframe ***
2018-06-20 10:40:49,762 - BasePage - INFO - Had take screenshot and save to folder : /screenshots
2018-06-20 10:40:49,770 - BasePage - INFO - Current page title is 怡亚通集团管控系统平台
