2018-06-05 10:11:03,168 - MYtest - INFO - You had select <selenium.webdriver.chrome.webdriver.WebDriver (session="0cec535d053884144cf0d1dce07c9025")> browser.
2018-06-05 10:11:03,464 - MYtest - INFO - browser maximize the current window.
2018-06-05 10:11:03,470 - MYtest - INFO - Open browser url is: http://oa.eascs.com/eaoa/
2018-06-05 10:11:09,436 - BasePage - INFO - Had find the element ' OA ' successful by xpath via value: .//*[@id='ea-system']/li[2] 
2018-06-05 10:11:09,741 - BasePage - INFO - The element ' OA ' was clicked.
2018-06-05 10:11:10,241 - BasePage - INFO - Sleep for 0 seconds
2018-06-05 10:11:10,361 - BasePage - INFO - Had find the element ' 财务管理 ' successful by xpath via value: .//*[@id='ea-scroll']/div/div[3]/p 
2018-06-05 10:11:10,514 - BasePage - INFO - The element ' 财务管理 ' was clicked.
2018-06-05 10:11:10,747 - BasePage - INFO - Had find the element ' 撤消单据审批 ' successful by xpath via value: .//*[@id='ea-scroll']/div/div[3]/div/div[16]/p 
2018-06-05 10:11:12,592 - BasePage - INFO - The element ' 撤消单据审批 ' was clicked.
2018-06-05 10:11:12,671 - BasePage - INFO - Into the frame is % iframe ***
2018-06-05 10:11:37,850 - MYtest - INFO - You had select <selenium.webdriver.chrome.webdriver.WebDriver (session="da0eb8b62e7ac80adedcef9950c6bb39")> browser.
2018-06-05 10:11:38,071 - MYtest - INFO - browser maximize the current window.
2018-06-05 10:11:38,080 - MYtest - INFO - Open browser url is: http://oa.eascs.com/eaoa/
2018-06-05 10:11:44,377 - BasePage - INFO - Had find the element ' OA ' successful by xpath via value: .//*[@id='ea-system']/li[2] 
2018-06-05 10:11:45,032 - BasePage - INFO - The element ' OA ' was clicked.
2018-06-05 10:11:45,533 - BasePage - INFO - Sleep for 0 seconds
2018-06-05 10:11:45,599 - BasePage - INFO - Had find the element ' 财务管理 ' successful by xpath via value: .//*[@id='ea-scroll']/div/div[3]/p 
2018-06-05 10:11:45,744 - BasePage - INFO - The element ' 财务管理 ' was clicked.
2018-06-05 10:11:45,957 - BasePage - INFO - Had find the element ' 撤消单据审批 ' successful by xpath via value: .//*[@id='ea-scroll']/div/div[3]/div/div[16]/p 
2018-06-05 10:11:50,378 - BasePage - INFO - The element ' 撤消单据审批 ' was clicked.
2018-06-05 10:11:50,420 - BasePage - INFO - Into the frame is % iframe ***
2018-06-05 10:11:52,614 - BasePage - INFO - Had take screenshot and save to folder : /screenshots
2018-06-05 10:11:52,681 - BasePage - INFO - Had find the element ' 撤消单据类型 ' successful by xpath via value: html/body/div[2]/table/tbody/tr/td[3] 
