2018-05-29 16:38:21,604 - MYtest - INFO - You had select Chrome browser.
2018-05-29 16:38:21,931 - MYtest - INFO - Maximize the current window.
2018-05-29 16:38:21,935 - MYtest - INFO - Open url: http://oa.eascs.com/eaoa/
2018-05-29 16:38:28,175 - BasePage - INFO - Had find the element ' OA ' successful by xpath via value: .//*[@id='ea-system']/li[2] 
2018-05-29 16:38:28,498 - BasePage - INFO - The element ' OA ' was clicked.
2018-05-29 16:38:28,999 - BasePage - INFO - Sleep for 0 seconds
2018-05-29 16:38:29,073 - BasePage - INFO - Had find the element ' 财务管理 ' successful by xpath via value: .//*[@id='ea-scroll']/div/div[3]/p 
2018-05-29 16:38:29,231 - BasePage - INFO - The element ' 财务管理 ' was clicked.
2018-05-29 16:38:29,443 - BasePage - INFO - Had find the element ' 还款申请 ' successful by xpath via value: .//*[@id='ea-scroll']/div/div[3]/div/div[4]/p 
2018-05-29 16:38:31,233 - BasePage - INFO - The element ' 还款申请 ' was clicked.
2018-05-29 16:38:31,278 - BasePage - INFO - Into the frame is % iframe ***
2018-05-29 16:38:46,000 - MYtest - INFO - You had select Chrome browser.
2018-05-29 16:38:46,363 - MYtest - INFO - Maximize the current window.
2018-05-29 16:38:46,381 - MYtest - INFO - Open url: http://oa.eascs.com/eaoa/
2018-05-29 16:38:52,843 - BasePage - INFO - Had find the element ' OA ' successful by xpath via value: .//*[@id='ea-system']/li[2] 
2018-05-29 16:38:53,602 - BasePage - INFO - The element ' OA ' was clicked.
2018-05-29 16:38:54,102 - BasePage - INFO - Sleep for 0 seconds
2018-05-29 16:38:54,164 - BasePage - INFO - Had find the element ' 财务管理 ' successful by xpath via value: .//*[@id='ea-scroll']/div/div[3]/p 
2018-05-29 16:38:54,294 - BasePage - INFO - The element ' 财务管理 ' was clicked.
2018-05-29 16:38:54,474 - BasePage - INFO - Had find the element ' 还款申请 ' successful by xpath via value: .//*[@id='ea-scroll']/div/div[3]/div/div[4]/p 
2018-05-29 16:39:01,984 - BasePage - INFO - The element ' 还款申请 ' was clicked.
2018-05-29 16:39:02,017 - BasePage - INFO - Into the frame is % iframe ***
2018-05-29 16:39:05,783 - BasePage - INFO - Had take screenshot and save to folder : /screenshots
2018-05-29 16:39:05,847 - BasePage - INFO - Had find the element ' 还款类型 ' successful by xpath via value: html/body/table/tbody/tr[5]/td/table/tbody/tr/td[3] 
2018-05-29 16:39:05,868 - BasePage - INFO - Current page title is 怡亚通集团管控系统平台
