2018-06-13 11:07:33,601 - MYtest - INFO - You had select <selenium.webdriver.chrome.webdriver.WebDriver (session="626cf0ea2e978b5317f861e54e795c2f")> browser.
2018-06-13 11:07:33,847 - MYtest - INFO - browser maximize the current window.
2018-06-13 11:07:33,855 - MYtest - INFO - Open browser url is: http://oa.eascs.com/eaoa/
2018-06-13 11:07:41,301 - BasePage - INFO - Had find the element ' OA ' successful by xpath via value: .//*[@id='ea-system']/li[2] 
2018-06-13 11:07:41,441 - BasePage - INFO - The element ' OA ' was clicked.
2018-06-13 11:07:41,943 - BasePage - INFO - Sleep for 0 seconds
2018-06-13 11:07:42,006 - BasePage - INFO - Had find the element ' IT服务 ' successful by xpath via value: .//*[@id='ea-scroll']/div/div[9]/p 
2018-06-13 11:07:42,116 - BasePage - INFO - The element ' IT服务 ' was clicked.
2018-06-13 11:07:42,269 - BasePage - INFO - Had find the element ' 权限管理 ' successful by xpath via value: .//*[@id='ea-scroll']/div/div[9]/div/div[5]/p 
2018-06-13 11:07:42,386 - BasePage - INFO - The element ' 权限管理 ' was clicked.
2018-06-13 11:07:42,487 - BasePage - INFO - Sleep for 0 seconds
2018-06-13 11:07:42,555 - BasePage - INFO - Had find the element ' 工作流授权 ' successful by xpath via value: .//*[@id='ea-scroll']/div/div[9]/div/div[5]/div/p[1] 
2018-06-13 11:07:44,584 - BasePage - INFO - The element ' 工作流授权 ' was clicked.
2018-06-13 11:07:44,619 - BasePage - INFO - Into the frame is % iframe ***
2018-06-13 11:07:45,712 - BasePage - INFO - Had take screenshot and save to folder : /screenshots
2018-06-13 11:07:45,734 - BasePage - INFO - Current page title is 怡亚通集团管控系统平台
2018-06-13 11:07:48,604 - MYtest - INFO - browser maximize the current window.
2018-06-13 11:07:48,613 - MYtest - INFO - Open browser url is: http://oa.eascs.com/eaoa/
2018-06-13 11:07:51,060 - BasePage - INFO - Had find the element ' OA ' successful by xpath via value: .//*[@id='ea-system']/li[2] 
2018-06-13 11:07:51,197 - BasePage - INFO - The element ' OA ' was clicked.
2018-06-13 11:07:51,698 - BasePage - INFO - Sleep for 0 seconds
2018-06-13 11:07:51,773 - BasePage - INFO - Had find the element ' IT服务 ' successful by xpath via value: .//*[@id='ea-scroll']/div/div[9]/p 
2018-06-13 11:07:51,913 - BasePage - INFO - The element ' IT服务 ' was clicked.
2018-06-13 11:07:52,060 - BasePage - INFO - Had find the element ' 权限管理 ' successful by xpath via value: .//*[@id='ea-scroll']/div/div[9]/div/div[5]/p 
2018-06-13 11:07:52,179 - BasePage - INFO - The element ' 权限管理 ' was clicked.
2018-06-13 11:07:52,281 - BasePage - INFO - Sleep for 0 seconds
2018-06-13 11:07:52,355 - BasePage - INFO - Had find the element ' 系统授权申请 ' successful by xpath via value: .//*[@id='ea-scroll']/div/div[9]/div/div[5]/div/p[2] 
2018-06-13 11:07:52,943 - BasePage - INFO - The element ' 系统授权申请 ' was clicked.
2018-06-13 11:07:52,982 - BasePage - INFO - Into the frame is % iframe ***
2018-06-13 11:07:55,088 - BasePage - INFO - Had take screenshot and save to folder : /screenshots
2018-06-13 11:07:55,097 - BasePage - INFO - Current page title is 怡亚通集团管控系统平台
