2018-06-25 10:27:57,498 - MYtest - INFO - You had select <selenium.webdriver.chrome.webdriver.WebDriver (session="63948dedc1dfdefdbd3c35c62edcc099")> browser.
2018-06-25 10:27:57,720 - MYtest - INFO - browser maximize the current window.
2018-06-25 10:27:57,725 - MYtest - INFO - Open browser url is: http://oa.eascs.com/eaoa/
2018-06-25 10:28:05,544 - BasePage - INFO - Had find the element ' 行政 ' successful by xpath via value: .//*[@id='ea-system']/li[3] 
2018-06-25 10:28:05,730 - BasePage - INFO - The element ' 行政 ' was clicked.
2018-06-25 10:28:06,231 - BasePage - INFO - Sleep for 0 seconds
2018-06-25 10:28:06,326 - BasePage - INFO - Had find the element ' 行政服务 ' successful by xpath via value: .//*[@id='ea-scroll']/div/div[4]/p 
2018-06-25 10:28:06,450 - BasePage - INFO - The element ' 行政服务 ' was clicked.
2018-06-25 10:28:06,632 - BasePage - INFO - Had find the element ' 快递管理 ' successful by xpath via value: .//*[@id='ea-scroll']/div/div[4]/div/div[7]/p 
2018-06-25 10:28:06,746 - BasePage - INFO - The element ' 快递管理 ' was clicked.
2018-06-25 10:28:06,847 - BasePage - INFO - Sleep for 0 seconds
2018-06-25 10:28:07,167 - BasePage - INFO - Had find the element ' 快件接收 ' successful by xpath via value: .//*[@id='ea-scroll']/div/div[4]/div/div[7]/div/p[1] 
2018-06-25 10:28:09,650 - BasePage - INFO - The element ' 快件接收 ' was clicked.
2018-06-25 10:28:09,724 - BasePage - INFO - Into the frame is % iframe ***
2018-06-25 10:28:11,560 - BasePage - INFO - Had take screenshot and save to folder : /screenshots
2018-06-25 10:28:11,571 - BasePage - INFO - Current page title is 怡亚通集团管控系统平台
2018-06-25 10:28:13,463 - MYtest - INFO - browser maximize the current window.
2018-06-25 10:28:13,467 - MYtest - INFO - Open browser url is: http://oa.eascs.com/eaoa/
2018-06-25 10:28:15,397 - BasePage - INFO - Had find the element ' 行政 ' successful by xpath via value: .//*[@id='ea-system']/li[3] 
2018-06-25 10:28:15,531 - BasePage - INFO - The element ' 行政 ' was clicked.
2018-06-25 10:28:16,031 - BasePage - INFO - Sleep for 0 seconds
2018-06-25 10:28:16,091 - BasePage - INFO - Had find the element ' 行政服务 ' successful by xpath via value: .//*[@id='ea-scroll']/div/div[4]/p 
2018-06-25 10:28:16,246 - BasePage - INFO - The element ' 行政服务 ' was clicked.
2018-06-25 10:28:16,394 - BasePage - INFO - Had find the element ' 快递管理 ' successful by xpath via value: .//*[@id='ea-scroll']/div/div[4]/div/div[7]/p 
2018-06-25 10:28:16,567 - BasePage - INFO - The element ' 快递管理 ' was clicked.
2018-06-25 10:28:16,668 - BasePage - INFO - Sleep for 0 seconds
2018-06-25 10:28:16,893 - BasePage - INFO - Had find the element '  ' successful by xpath via value: .//*[@id='ea-scroll']/div/div[4]/div/div[7]/div/p[3] 
