2018-05-31 15:35:42,579 - MYtest - INFO - You had select <selenium.webdriver.chrome.webdriver.WebDriver (session="2d4d916e505f14a94737631754bbb964")> browser.
2018-05-31 15:35:42,829 - MYtest - INFO - browser maximize the current window.
2018-05-31 15:35:42,834 - MYtest - INFO - Open browser url is: http://oa.eascs.com/eaoa/
2018-05-31 15:35:48,597 - BasePage - INFO - Had find the element ' OA ' successful by xpath via value: .//*[@id='ea-system']/li[2] 
2018-05-31 15:35:48,935 - BasePage - INFO - The element ' OA ' was clicked.
2018-05-31 15:35:49,436 - BasePage - INFO - Sleep for 0 seconds
2018-05-31 15:35:49,657 - BasePage - INFO - Had find the element ' 财务管理 ' successful by xpath via value: .//*[@id='ea-scroll']/div/div[3]/p 
2018-05-31 15:35:49,774 - BasePage - INFO - The element ' 财务管理 ' was clicked.
2018-05-31 15:35:49,916 - BasePage - INFO - Had find the element ' 预算管理 ' successful by xpath via value: .//*[@id='ea-scroll']/div/div[3]/div/div[8]/p 
2018-05-31 15:35:50,020 - BasePage - INFO - The element ' 预算管理 ' was clicked.
2018-05-31 15:35:50,320 - BasePage - INFO - Sleep for 0 seconds
2018-05-31 15:35:50,392 - BasePage - INFO - Had find the element ' 预算申请 ' successful by xpath via value: .//*[@id='ea-scroll']/div/div[3]/div/div[8]/div/p[1] 
2018-05-31 15:35:52,702 - BasePage - INFO - The element '  ' was clicked.
2018-05-31 15:35:52,743 - BasePage - INFO - Into the frame is % iframe ***
2018-05-31 15:36:02,439 - BasePage - INFO - Had take screenshot and save to folder : /screenshots
2018-05-31 15:36:02,493 - BasePage - INFO - Had find the element ' 预算部门 ' successful by xpath via value: html/body/table/tbody/tr[3]/td/table/tbody/tr/td[5] 
2018-05-31 15:36:02,513 - BasePage - INFO - Current page title is 怡亚通集团管控系统平台
2018-05-31 15:36:03,461 - MYtest - INFO - browser maximize the current window.
2018-05-31 15:36:03,464 - MYtest - INFO - Open browser url is: http://oa.eascs.com/eaoa/
2018-05-31 15:36:04,339 - BasePage - INFO - Had find the element ' OA ' successful by xpath via value: .//*[@id='ea-system']/li[2] 
2018-05-31 15:36:04,537 - BasePage - INFO - The element ' OA ' was clicked.
2018-05-31 15:36:05,038 - BasePage - INFO - Sleep for 0 seconds
2018-05-31 15:36:05,152 - BasePage - INFO - Had find the element ' 财务管理 ' successful by xpath via value: .//*[@id='ea-scroll']/div/div[3]/p 
2018-05-31 15:36:05,252 - BasePage - INFO - The element ' 财务管理 ' was clicked.
2018-05-31 15:36:05,396 - BasePage - INFO - Had find the element ' 预算管理 ' successful by xpath via value: .//*[@id='ea-scroll']/div/div[3]/div/div[8]/p 
2018-05-31 15:36:05,484 - BasePage - INFO - The element ' 预算管理 ' was clicked.
2018-05-31 15:36:05,885 - BasePage - INFO - Sleep for 0 seconds
2018-05-31 15:36:05,952 - BasePage - INFO - Had find the element ' 预算调整 ' successful by xpath via value: .//*[@id='ea-scroll']/div/div[3]/div/div[8]/div/p[2] 
2018-05-31 15:36:06,526 - BasePage - INFO - The element '  ' was clicked.
2018-05-31 15:36:06,554 - BasePage - INFO - Into the frame is % iframe ***
2018-05-31 15:36:07,461 - BasePage - INFO - Had take screenshot and save to folder : /screenshots
2018-05-31 15:36:07,519 - BasePage - INFO - Had find the element ' 预算年度 ' successful by xpath via value: html/body/table/tbody/tr[3]/td/table/tbody/tr/td[3] 
2018-05-31 15:36:07,538 - BasePage - INFO - Current page title is 怡亚通集团管控系统平台
2018-05-31 15:36:07,545 - BasePage - INFO - back frame
