2018-06-11 16:54:17,447 - MYtest - INFO - You had select <selenium.webdriver.chrome.webdriver.WebDriver (session="fe2c53ce771ce5356e8567578fe5d71c")> browser.
2018-06-11 16:54:17,748 - MYtest - INFO - browser maximize the current window.
2018-06-11 16:54:17,766 - MYtest - INFO - Open browser url is: http://oa.eascs.com/eaoa/
2018-06-11 16:54:23,483 - BasePage - INFO - Had find the element ' OA ' successful by xpath via value: .//*[@id='ea-system']/li[2] 
2018-06-11 16:54:23,949 - BasePage - INFO - The element ' OA ' was clicked.
2018-06-11 16:54:24,450 - BasePage - INFO - Sleep for 0 seconds
2018-06-11 16:54:24,506 - BasePage - INFO - Had find the element ' 法务管理 ' successful by xpath via value: .//*[@id='ea-scroll']/div/div[5]/p 
2018-06-11 16:54:24,625 - BasePage - INFO - The element ' 法务管理 ' was clicked.
2018-06-11 16:54:24,771 - BasePage - INFO - Had find the element ' 超期项目管理 ' successful by xpath via value: .//*[@id='ea-scroll']/div/div[5]/div/div[1]/p 
2018-06-11 16:54:24,882 - BasePage - INFO - The element ' 超期项目管理 ' was clicked.
2018-06-11 16:54:24,982 - BasePage - INFO - Sleep for 0 seconds
2018-06-11 16:54:25,046 - BasePage - INFO - Had find the element ' 超期项目申请 ' successful by xpath via value: .//*[@id='ea-scroll']/div/div[5]/div/div[1]/div/p[1] 
2018-06-11 16:54:27,444 - BasePage - INFO - The element '  ' was clicked.
2018-06-11 16:54:27,495 - BasePage - INFO - Into the frame is % iframe ***
2018-06-11 16:54:28,988 - BasePage - INFO - Had take screenshot and save to folder : /screenshots
2018-06-11 16:54:28,997 - BasePage - INFO - Current page title is 怡亚通集团管控系统平台
2018-06-11 16:54:29,969 - MYtest - INFO - browser maximize the current window.
2018-06-11 16:54:29,973 - MYtest - INFO - Open browser url is: http://oa.eascs.com/eaoa/
2018-06-11 16:54:31,211 - BasePage - INFO - Had find the element ' OA ' successful by xpath via value: .//*[@id='ea-system']/li[2] 
2018-06-11 16:54:31,456 - BasePage - INFO - The element ' OA ' was clicked.
2018-06-11 16:54:31,956 - BasePage - INFO - Sleep for 0 seconds
2018-06-11 16:54:31,999 - BasePage - INFO - Had find the element ' 法务管理 ' successful by xpath via value: .//*[@id='ea-scroll']/div/div[5]/p 
2018-06-11 16:54:32,120 - BasePage - INFO - The element ' 法务管理 ' was clicked.
2018-06-11 16:54:32,252 - BasePage - INFO - Had find the element ' 超期项目管理 ' successful by xpath via value: .//*[@id='ea-scroll']/div/div[5]/div/div[1]/p 
2018-06-11 16:54:32,347 - BasePage - INFO - The element ' 超期项目管理 ' was clicked.
2018-06-11 16:54:32,447 - BasePage - INFO - Sleep for 0 seconds
2018-06-11 16:54:32,510 - BasePage - INFO - Had find the element ' 律师函申请 ' successful by xpath via value: .//*[@id='ea-scroll']/div/div[5]/div/div[1]/div/p[2] 
2018-06-11 16:54:32,944 - BasePage - INFO - The element ' 律师函申请 ' was clicked.
2018-06-11 16:54:32,974 - BasePage - INFO - Into the frame is % iframe ***
2018-06-11 16:54:34,240 - BasePage - INFO - Had take screenshot and save to folder : /screenshots
2018-06-11 16:54:34,254 - BasePage - INFO - Current page title is 怡亚通集团管控系统平台
2018-06-11 16:54:35,373 - MYtest - INFO - browser maximize the current window.
2018-06-11 16:54:35,376 - MYtest - INFO - Open browser url is: http://oa.eascs.com/eaoa/
2018-06-11 16:54:36,700 - BasePage - INFO - Had find the element ' OA ' successful by xpath via value: .//*[@id='ea-system']/li[2] 
2018-06-11 16:54:36,945 - BasePage - INFO - The element ' OA ' was clicked.
2018-06-11 16:54:37,445 - BasePage - INFO - Sleep for 0 seconds
2018-06-11 16:54:37,502 - BasePage - INFO - Had find the element ' 法务管理 ' successful by xpath via value: .//*[@id='ea-scroll']/div/div[5]/p 
2018-06-11 16:54:37,635 - BasePage - INFO - The element ' 法务管理 ' was clicked.
2018-06-11 16:54:37,776 - BasePage - INFO - Had find the element ' 超期项目管理 ' successful by xpath via value: .//*[@id='ea-scroll']/div/div[5]/div/div[1]/p 
2018-06-11 16:54:37,877 - BasePage - INFO - The element ' 超期项目管理 ' was clicked.
2018-06-11 16:54:37,977 - BasePage - INFO - Sleep for 0 seconds
2018-06-11 16:54:38,033 - BasePage - INFO - Had find the element ' 诉讼程序申请 ' successful by xpath via value: .//*[@id='ea-scroll']/div/div[5]/div/div[1]/div/p[3] 
2018-06-11 16:54:38,496 - BasePage - INFO - The element ' 诉讼程序申请 ' was clicked.
2018-06-11 16:54:38,530 - BasePage - INFO - Into the frame is % iframe ***
2018-06-11 16:54:49,879 - MYtest - INFO - browser maximize the current window.
2018-06-11 16:54:49,882 - MYtest - INFO - Open browser url is: http://oa.eascs.com/eaoa/
2018-06-11 16:54:51,810 - BasePage - INFO - Had find the element ' OA ' successful by xpath via value: .//*[@id='ea-system']/li[2] 
2018-06-11 16:54:51,930 - BasePage - INFO - The element ' OA ' was clicked.
2018-06-11 16:54:52,430 - BasePage - INFO - Sleep for 0 seconds
2018-06-11 16:54:52,598 - BasePage - INFO - Had find the element ' 法务管理 ' successful by xpath via value: .//*[@id='ea-scroll']/div/div[5]/p 
2018-06-11 16:54:53,046 - BasePage - INFO - The element ' 法务管理 ' was clicked.
2018-06-11 16:54:53,171 - BasePage - INFO - Had find the element ' 超期项目管理 ' successful by xpath via value: .//*[@id='ea-scroll']/div/div[5]/div/div[1]/p 
2018-06-11 16:54:53,282 - BasePage - INFO - The element ' 超期项目管理 ' was clicked.
2018-06-11 16:54:53,382 - BasePage - INFO - Sleep for 0 seconds
2018-06-11 16:54:53,469 - BasePage - INFO - Had find the element ' 律师函统计 ' successful by xpath via value: .//*[@id='ea-scroll']/div/div[5]/div/div[1]/div/p[4] 
