2018-07-23 10:29:07,177 - MYtest - INFO - You had select <selenium.webdriver.chrome.webdriver.WebDriver (session="2766ea52bafdd6f17272baebf22baf35")> browser.
2018-07-23 10:29:07,512 - MYtest - INFO - browser maximize the current window.
2018-07-23 10:29:07,516 - MYtest - INFO - Open browser url is: http://oa.eascs.com/eaoa/
2018-07-23 10:29:15,393 - BasePage - INFO - Had find the element ' EHR ' successful by xpath via value: .//*[@id='ea-system']/li[4] 
2018-07-23 10:29:15,519 - BasePage - INFO - The element ' EHR ' was clicked.
2018-07-23 10:29:16,019 - BasePage - INFO - Sleep for 0 seconds
2018-07-23 10:29:16,098 - BasePage - INFO - Had find the element ' 入职管理 ' successful by xpath via value: .//*[@id='ea-scroll']/div/div[5]/p 
2018-07-23 10:29:16,251 - BasePage - INFO - The element ' 入职管理 ' was clicked.
2018-07-23 10:29:16,351 - BasePage - INFO - Sleep for 0 seconds
2018-07-23 10:29:16,426 - BasePage - INFO - Had find the element ' 个人资料 ' successful by xpath via value: .//*[@id='ea-scroll']/div/div[5]/div/div[1]/p 
2018-07-23 10:29:18,346 - BasePage - INFO - The element ' 个人资料 ' was clicked.
2018-07-23 10:29:30,259 - MYtest - INFO - browser maximize the current window.
2018-07-23 10:29:30,261 - MYtest - INFO - Open browser url is: http://oa.eascs.com/eaoa/
2018-07-23 10:29:31,794 - BasePage - INFO - Had find the element ' EHR ' successful by xpath via value: .//*[@id='ea-system']/li[4] 
2018-07-23 10:29:31,925 - BasePage - INFO - The element ' EHR ' was clicked.
2018-07-23 10:29:32,425 - BasePage - INFO - Sleep for 0 seconds
2018-07-23 10:29:32,487 - BasePage - INFO - Had find the element ' 入职管理 ' successful by xpath via value: .//*[@id='ea-scroll']/div/div[5]/p 
2018-07-23 10:29:32,628 - BasePage - INFO - The element ' 入职管理 ' was clicked.
2018-07-23 10:29:32,728 - BasePage - INFO - Sleep for 0 seconds
2018-07-23 10:29:32,789 - BasePage - INFO - Had find the element ' 基础信息 ' successful by xpath via value: .//*[@id='ea-scroll']/div/div[5]/div/div[2]/p 
2018-07-23 10:29:33,262 - BasePage - INFO - The element ' 基础信息 ' was clicked.
2018-07-23 10:29:33,290 - BasePage - INFO - Into the frame is % iframe ***
2018-07-23 10:29:34,716 - BasePage - INFO - Had take screenshot and save to folder : /screenshots
2018-07-23 10:29:34,729 - BasePage - INFO - Current page title is 怡亚通集团管控系统平台
