2018-05-31 14:52:43,777 - MYtest - INFO - You had select <selenium.webdriver.chrome.webdriver.WebDriver (session="7ebb613089e17c18309139836e42c942")> browser.
2018-05-31 14:52:44,415 - MYtest - INFO - browser maximize the current window.
2018-05-31 14:52:44,421 - MYtest - INFO - Open browser url is: http://oa.eascs.com/eaoa/
2018-05-31 14:52:51,591 - BasePage - INFO - Had find the element ' OA ' successful by xpath via value: .//*[@id='ea-system']/li[2] 
2018-05-31 14:52:51,780 - BasePage - INFO - The element ' OA ' was clicked.
2018-05-31 14:52:52,282 - BasePage - INFO - Sleep for 0 seconds
2018-05-31 14:52:52,430 - BasePage - INFO - Had find the element ' 财务管理 ' successful by xpath via value: .//*[@id='ea-scroll']/div/div[3]/p 
2018-05-31 14:52:52,562 - BasePage - INFO - The element ' 财务管理 ' was clicked.
2018-05-31 14:52:52,746 - BasePage - INFO - Had find the element ' 预算管理 ' successful by xpath via value: .//*[@id='ea-scroll']/div/div[3]/div/div[8]/p 
2018-05-31 14:52:52,849 - BasePage - INFO - The element ' 预算管理 ' was clicked.
2018-05-31 14:52:53,150 - BasePage - INFO - Sleep for 0 seconds
2018-05-31 14:52:53,227 - BasePage - INFO - Had find the element ' 预算申请 ' successful by xpath via value: .//*[@id='ea-scroll']/div/div[3]/div/div[8]/div/p[1] 
2018-05-31 14:52:57,097 - BasePage - INFO - The element '  ' was clicked.
2018-05-31 14:52:57,127 - BasePage - INFO - Into the frame is % iframe ***
2018-05-31 14:52:58,314 - BasePage - INFO - Had take screenshot and save to folder : /screenshots
2018-05-31 14:52:58,404 - BasePage - INFO - Had find the element ' 预算部门 ' successful by xpath via value: html/body/table/tbody/tr[3]/td/table/tbody/tr/td[5] 
2018-05-31 14:52:58,428 - BasePage - INFO - Current page title is 怡亚通集团管控系统平台
2018-05-31 14:52:59,512 - MYtest - INFO - browser maximize the current window.
2018-05-31 14:52:59,516 - MYtest - INFO - Open browser url is: http://oa.eascs.com/eaoa/
2018-05-31 14:53:00,545 - BasePage - INFO - Had find the element ' OA ' successful by xpath via value: .//*[@id='ea-system']/li[2] 
2018-05-31 14:53:00,831 - BasePage - INFO - The element ' OA ' was clicked.
2018-05-31 14:53:01,331 - BasePage - INFO - Sleep for 0 seconds
2018-05-31 14:53:01,379 - BasePage - INFO - Had find the element ' 财务管理 ' successful by xpath via value: .//*[@id='ea-scroll']/div/div[3]/p 
2018-05-31 14:53:01,510 - BasePage - INFO - The element ' 财务管理 ' was clicked.
2018-05-31 14:53:01,627 - BasePage - INFO - Had find the element ' 预算管理 ' successful by xpath via value: .//*[@id='ea-scroll']/div/div[3]/div/div[8]/p 
2018-05-31 14:53:01,721 - BasePage - INFO - The element ' 预算管理 ' was clicked.
2018-05-31 14:53:02,022 - BasePage - INFO - Sleep for 0 seconds
2018-05-31 14:53:02,093 - BasePage - INFO - Had find the element '  ' successful by xpath via value: .//*[@id='ea-scroll']/div/div[3]/div/div[8]/div/p[2] 
