2018-07-25 10:18:44,958 - MYtest - INFO - You had select <selenium.webdriver.chrome.webdriver.WebDriver (session="94483d98e9e525c8bdcdaa29b7a0a929")> browser.
2018-07-25 10:18:45,185 - MYtest - INFO - browser maximize the current window.
2018-07-25 10:18:45,197 - MYtest - INFO - Open browser url is: http://oa.eascs.com/eaoa/
2018-07-25 10:18:52,832 - BasePage - INFO - Had find the element ' EHR ' successful by xpath via value: .//*[@id='ea-system']/li[4] 
2018-07-25 10:18:52,974 - BasePage - INFO - The element ' EHR ' was clicked.
2018-07-25 10:18:53,474 - BasePage - INFO - Sleep for 0 seconds
2018-07-25 10:18:53,559 - BasePage - INFO - Had find the element ' 员工管理 ' successful by xpath via value: .//*[@id='ea-scroll']/div/div[6]/p 
2018-07-25 10:18:53,746 - BasePage - INFO - The element ' 员工管理 ' was clicked.
2018-07-25 10:18:53,846 - BasePage - INFO - Sleep for 0 seconds
2018-07-25 10:18:53,915 - BasePage - INFO - Had find the element ' 员工档案 ' successful by xpath via value: .//*[@id='ea-scroll']/div/div[6]/div/div[1]/p 
2018-07-25 10:18:54,520 - BasePage - INFO - The element ' 员工档案 ' was clicked.
2018-07-25 10:18:54,556 - BasePage - INFO - Into the frame is % iframe ***
2018-07-25 10:18:55,980 - BasePage - INFO - Had take screenshot and save to folder : /screenshots
2018-07-25 10:18:55,994 - BasePage - INFO - Current page title is 怡亚通集团管控系统平台
2018-07-25 10:18:57,987 - MYtest - INFO - browser maximize the current window.
2018-07-25 10:18:57,990 - MYtest - INFO - Open browser url is: http://oa.eascs.com/eaoa/
2018-07-25 10:18:59,810 - BasePage - INFO - Had find the element ' EHR ' successful by xpath via value: .//*[@id='ea-system']/li[4] 
2018-07-25 10:18:59,944 - BasePage - INFO - The element ' EHR ' was clicked.
2018-07-25 10:19:00,444 - BasePage - INFO - Sleep for 0 seconds
2018-07-25 10:19:00,502 - BasePage - INFO - Had find the element ' 员工管理 ' successful by xpath via value: .//*[@id='ea-scroll']/div/div[6]/p 
2018-07-25 10:19:00,638 - BasePage - INFO - The element ' 员工管理 ' was clicked.
2018-07-25 10:19:00,738 - BasePage - INFO - Sleep for 0 seconds
2018-07-25 10:19:00,815 - BasePage - INFO - Had find the element ' 编外员工 ' successful by xpath via value: .//*[@id='ea-scroll']/div/div[6]/div/div[2]/p 
2018-07-25 10:19:01,345 - BasePage - INFO - The element ' 编外员工 ' was clicked.
2018-07-25 10:19:01,372 - BasePage - INFO - Into the frame is % iframe ***
2018-07-25 10:19:02,682 - BasePage - INFO - Had take screenshot and save to folder : /screenshots
2018-07-25 10:19:02,694 - BasePage - INFO - Current page title is 怡亚通集团管控系统平台
