2018-06-11 14:34:26,157 - MYtest - INFO - You had select <selenium.webdriver.chrome.webdriver.WebDriver (session="dcb0b928a0e116653f45b7e5c1450baf")> browser.
2018-06-11 14:34:26,425 - MYtest - INFO - browser maximize the current window.
2018-06-11 14:34:26,439 - MYtest - INFO - Open browser url is: http://oa.eascs.com/eaoa/
2018-06-11 14:34:33,586 - BasePage - INFO - Had find the element ' OA ' successful by xpath via value: .//*[@id='ea-system']/li[2] 
2018-06-11 14:34:33,898 - BasePage - INFO - The element ' OA ' was clicked.
2018-06-11 14:34:34,398 - BasePage - INFO - Sleep for 0 seconds
2018-06-11 14:34:34,520 - BasePage - INFO - Had find the element ' 营运管理 ' successful by xpath via value: .//*[@id='ea-scroll']/div/div[6]/p 
2018-06-11 14:34:34,863 - BasePage - INFO - The element ' 营运管理 ' was clicked.
2018-06-11 14:34:35,067 - BasePage - INFO - Had find the element ' 异常管理 ' successful by xpath via value: .//*[@id='ea-scroll']/div/div[6]/div/div[2]/p 
2018-06-11 14:34:35,225 - BasePage - INFO - The element ' 异常管理 ' was clicked.
2018-06-11 14:34:35,326 - BasePage - INFO - Sleep for 0 seconds
2018-06-11 14:34:35,408 - BasePage - INFO - Had find the element ' 运作异常 ' successful by xpath via value: .//*[@id='ea-scroll']/div/div[6]/div/div[2]/div/p[1] 
2018-06-11 14:34:39,750 - BasePage - INFO - The element ' 运作异常 ' was clicked.
2018-06-11 14:34:39,823 - BasePage - INFO - Into the frame is % iframe ***
2018-06-11 14:34:42,301 - MYtest - INFO - browser maximize the current window.
2018-06-11 14:34:42,306 - MYtest - INFO - Open browser url is: http://oa.eascs.com/eaoa/
2018-06-11 14:34:44,377 - BasePage - INFO - Had find the element ' OA ' successful by xpath via value: .//*[@id='ea-system']/li[2] 
2018-06-11 14:34:44,807 - BasePage - INFO - The element ' OA ' was clicked.
2018-06-11 14:34:45,308 - BasePage - INFO - Sleep for 0 seconds
2018-06-11 14:34:45,374 - BasePage - INFO - Had find the element ' 营运管理 ' successful by xpath via value: .//*[@id='ea-scroll']/div/div[6]/p 
2018-06-11 14:34:45,603 - BasePage - INFO - The element ' 营运管理 ' was clicked.
2018-06-11 14:34:45,789 - BasePage - INFO - Had find the element ' 异常管理 ' successful by xpath via value: .//*[@id='ea-scroll']/div/div[6]/div/div[2]/p 
2018-06-11 14:34:45,984 - BasePage - INFO - The element ' 异常管理 ' was clicked.
2018-06-11 14:34:46,085 - BasePage - INFO - Sleep for 0 seconds
2018-06-11 14:34:46,148 - BasePage - INFO - Had find the element '  ' successful by xpath via value: .//*[@id='ea-scroll']/div/div[6]/div/div[2]/div/p[2] 
2018-06-11 14:34:47,920 - MYtest - INFO - browser maximize the current window.
2018-06-11 14:34:47,924 - MYtest - INFO - Open browser url is: http://oa.eascs.com/eaoa/
2018-06-11 14:34:49,466 - BasePage - INFO - Had find the element ' OA ' successful by xpath via value: .//*[@id='ea-system']/li[2] 
2018-06-11 14:34:50,033 - BasePage - INFO - The element ' OA ' was clicked.
2018-06-11 14:34:50,534 - BasePage - INFO - Sleep for 0 seconds
2018-06-11 14:34:50,743 - BasePage - INFO - Had find the element ' 营运管理 ' successful by xpath via value: .//*[@id='ea-scroll']/div/div[6]/p 
2018-06-11 14:34:51,098 - BasePage - INFO - The element ' 营运管理 ' was clicked.
2018-06-11 14:34:51,262 - BasePage - INFO - Had find the element ' 异常管理 ' successful by xpath via value: .//*[@id='ea-scroll']/div/div[6]/div/div[2]/p 
2018-06-11 14:34:51,615 - BasePage - INFO - The element ' 异常管理 ' was clicked.
2018-06-11 14:34:51,716 - BasePage - INFO - Sleep for 0 seconds
2018-06-11 14:34:51,804 - BasePage - INFO - Had find the element ' 应收款库存异常 ' successful by xpath via value: .//*[@id='ea-scroll']/div/div[6]/div/div[2]/div/p[3] 
2018-06-11 14:34:53,528 - BasePage - INFO - The element '  ' was clicked.
2018-06-11 14:34:53,610 - BasePage - INFO - Into the frame is % iframe ***
2018-06-11 14:34:54,782 - BasePage - INFO - Had take screenshot and save to folder : /screenshots
2018-06-11 14:34:54,841 - BasePage - INFO - Had find the element ' 单据编号 ' successful by id via value: billsn 
2018-06-11 14:34:54,864 - BasePage - INFO - Current page title is 怡亚通集团管控系统平台
2018-06-11 14:34:56,025 - MYtest - INFO - browser maximize the current window.
2018-06-11 14:34:56,028 - MYtest - INFO - Open browser url is: http://oa.eascs.com/eaoa/
2018-06-11 14:34:57,639 - BasePage - INFO - Had find the element ' OA ' successful by xpath via value: .//*[@id='ea-system']/li[2] 
2018-06-11 14:34:57,868 - BasePage - INFO - The element ' OA ' was clicked.
2018-06-11 14:34:58,368 - BasePage - INFO - Sleep for 0 seconds
2018-06-11 14:34:58,431 - BasePage - INFO - Had find the element ' 营运管理 ' successful by xpath via value: .//*[@id='ea-scroll']/div/div[6]/p 
2018-06-11 14:34:58,605 - BasePage - INFO - The element ' 营运管理 ' was clicked.
2018-06-11 14:34:58,757 - BasePage - INFO - Had find the element ' 异常管理 ' successful by xpath via value: .//*[@id='ea-scroll']/div/div[6]/div/div[2]/p 
2018-06-11 14:34:58,867 - BasePage - INFO - The element ' 异常管理 ' was clicked.
2018-06-11 14:34:58,967 - BasePage - INFO - Sleep for 0 seconds
2018-06-11 14:34:59,056 - BasePage - INFO - Had find the element ' 货权转移查询 ' successful by xpath via value: .//*[@id='ea-scroll']/div/div[6]/div/div[2]/div/p[4] 
2018-06-11 14:35:00,589 - BasePage - INFO - The element '  ' was clicked.
2018-06-11 14:35:00,639 - BasePage - INFO - Into the frame is % iframe ***
2018-06-11 14:35:01,384 - BasePage - INFO - Had take screenshot and save to folder : /screenshots
2018-06-11 14:35:01,448 - BasePage - INFO - Had find the element ' 单据编号 ' successful by id via value: billcode 
2018-06-11 14:35:01,472 - BasePage - INFO - Current page title is 怡亚通集团管控系统平台
