2018-06-11 14:15:44,104 - MYtest - INFO - You had select <selenium.webdriver.chrome.webdriver.WebDriver (session="37e77daf9087a1a6d3d6be5533cb4518")> browser.
2018-06-11 14:15:44,389 - MYtest - INFO - browser maximize the current window.
2018-06-11 14:15:44,397 - MYtest - INFO - Open browser url is: http://oa.eascs.com/eaoa/
2018-06-11 14:15:53,605 - BasePage - INFO - Had find the element ' OA ' successful by xpath via value: .//*[@id='ea-system']/li[2] 
2018-06-11 14:15:53,776 - BasePage - INFO - The element ' OA ' was clicked.
2018-06-11 14:15:54,277 - BasePage - INFO - Sleep for 0 seconds
2018-06-11 14:15:54,368 - BasePage - INFO - Had find the element ' 营运管理 ' successful by xpath via value: .//*[@id='ea-scroll']/div/div[6]/p 
2018-06-11 14:15:54,516 - BasePage - INFO - The element ' 营运管理 ' was clicked.
2018-06-11 14:15:55,507 - MYtest - INFO - browser maximize the current window.
2018-06-11 14:15:55,519 - MYtest - INFO - Open browser url is: http://oa.eascs.com/eaoa/
2018-06-11 14:15:56,471 - BasePage - INFO - Had find the element ' OA ' successful by xpath via value: .//*[@id='ea-system']/li[2] 
2018-06-11 14:15:56,902 - BasePage - INFO - The element ' OA ' was clicked.
2018-06-11 14:15:57,402 - BasePage - INFO - Sleep for 0 seconds
2018-06-11 14:15:57,452 - BasePage - INFO - Had find the element ' 营运管理 ' successful by xpath via value: .//*[@id='ea-scroll']/div/div[6]/p 
2018-06-11 14:15:57,586 - BasePage - INFO - The element ' 营运管理 ' was clicked.
2018-06-11 14:15:58,585 - MYtest - INFO - browser maximize the current window.
2018-06-11 14:15:58,596 - MYtest - INFO - Open browser url is: http://oa.eascs.com/eaoa/
2018-06-11 14:15:59,700 - BasePage - INFO - Had find the element ' OA ' successful by xpath via value: .//*[@id='ea-system']/li[2] 
2018-06-11 14:16:00,120 - BasePage - INFO - The element ' OA ' was clicked.
2018-06-11 14:16:00,620 - BasePage - INFO - Sleep for 0 seconds
2018-06-11 14:16:00,687 - BasePage - INFO - Had find the element ' 营运管理 ' successful by xpath via value: .//*[@id='ea-scroll']/div/div[6]/p 
2018-06-11 14:16:00,808 - BasePage - INFO - The element ' 营运管理 ' was clicked.
2018-06-11 14:16:01,836 - MYtest - INFO - browser maximize the current window.
2018-06-11 14:16:01,844 - MYtest - INFO - Open browser url is: http://oa.eascs.com/eaoa/
2018-06-11 14:16:02,813 - BasePage - INFO - Had find the element ' OA ' successful by xpath via value: .//*[@id='ea-system']/li[2] 
2018-06-11 14:16:03,023 - BasePage - INFO - The element ' OA ' was clicked.
2018-06-11 14:16:03,524 - BasePage - INFO - Sleep for 0 seconds
2018-06-11 14:16:03,577 - BasePage - INFO - Had find the element ' 营运管理 ' successful by xpath via value: .//*[@id='ea-scroll']/div/div[6]/p 
2018-06-11 14:16:03,745 - BasePage - INFO - The element ' 营运管理 ' was clicked.
