2018-06-13 16:16:14,545 - MYtest - INFO - You had select <selenium.webdriver.chrome.webdriver.WebDriver (session="77aa72af47630ff5c11aabbcf1f55f7f")> browser.
2018-06-13 16:16:14,814 - MYtest - INFO - browser maximize the current window.
2018-06-13 16:16:14,821 - MYtest - INFO - Open browser url is: http://oa.eascs.com/eaoa/
2018-06-13 16:16:24,397 - BasePage - INFO - Had find the element ' OA ' successful by xpath via value: .//*[@id='ea-system']/li[2] 
2018-06-13 16:16:24,633 - BasePage - INFO - The element ' OA ' was clicked.
2018-06-13 16:16:25,133 - BasePage - INFO - Sleep for 0 seconds
2018-06-13 16:16:25,200 - BasePage - INFO - Had find the element ' IT服务 ' successful by xpath via value: .//*[@id='ea-scroll']/div/div[9]/p 
2018-06-13 16:16:25,351 - BasePage - INFO - The element ' IT服务 ' was clicked.
2018-06-13 16:16:25,480 - BasePage - INFO - Had find the element ' IT服务申请 ' successful by xpath via value: .//*[@id='ea-scroll']/div/div[9]/div/div[4]/p 
2018-06-13 16:16:25,602 - BasePage - INFO - The element ' IT服务申请 ' was clicked.
2018-06-13 16:16:25,703 - BasePage - INFO - Sleep for 0 seconds
2018-06-13 16:16:25,787 - BasePage - INFO - Had find the element ' 软件登记管理 ' successful by xpath via value: .//*[@id='ea-scroll']/div/div[9]/div/div[4]/div/p[1] 
2018-06-13 16:16:27,322 - BasePage - INFO - The element '  ' was clicked.
2018-06-13 16:16:27,363 - BasePage - INFO - Into the frame is % iframe ***
2018-06-13 16:16:28,130 - BasePage - INFO - Had take screenshot and save to folder : /screenshots
2018-06-13 16:16:28,138 - BasePage - INFO - Current page title is 怡亚通集团管控系统平台
2018-06-13 16:16:29,783 - MYtest - INFO - browser maximize the current window.
2018-06-13 16:16:29,789 - MYtest - INFO - Open browser url is: http://oa.eascs.com/eaoa/
2018-06-13 16:16:31,900 - BasePage - INFO - Had find the element ' OA ' successful by xpath via value: .//*[@id='ea-system']/li[2] 
2018-06-13 16:16:32,110 - BasePage - INFO - The element ' OA ' was clicked.
2018-06-13 16:16:32,611 - BasePage - INFO - Sleep for 0 seconds
2018-06-13 16:16:32,676 - BasePage - INFO - Had find the element ' IT服务 ' successful by xpath via value: .//*[@id='ea-scroll']/div/div[9]/p 
2018-06-13 16:16:32,803 - BasePage - INFO - The element ' IT服务 ' was clicked.
2018-06-13 16:16:32,927 - BasePage - INFO - Had find the element ' IT服务申请 ' successful by xpath via value: .//*[@id='ea-scroll']/div/div[9]/div/div[4]/p 
2018-06-13 16:16:33,061 - BasePage - INFO - The element ' IT服务申请 ' was clicked.
2018-06-13 16:16:33,162 - BasePage - INFO - Sleep for 0 seconds
2018-06-13 16:16:33,231 - BasePage - INFO - Had find the element ' 虚拟机申请 ' successful by xpath via value: .//*[@id='ea-scroll']/div/div[9]/div/div[4]/div/p[2] 
2018-06-13 16:16:34,849 - BasePage - INFO - The element '  ' was clicked.
2018-06-13 16:16:34,881 - BasePage - INFO - Into the frame is % iframe ***
2018-06-13 16:16:35,648 - BasePage - INFO - Had take screenshot and save to folder : /screenshots
2018-06-13 16:16:35,657 - BasePage - INFO - Current page title is 怡亚通集团管控系统平台
2018-06-13 16:16:37,448 - MYtest - INFO - browser maximize the current window.
2018-06-13 16:16:37,452 - MYtest - INFO - Open browser url is: http://oa.eascs.com/eaoa/
2018-06-13 16:16:39,569 - BasePage - INFO - Had find the element ' OA ' successful by xpath via value: .//*[@id='ea-system']/li[2] 
2018-06-13 16:16:39,720 - BasePage - INFO - The element ' OA ' was clicked.
2018-06-13 16:16:40,221 - BasePage - INFO - Sleep for 0 seconds
2018-06-13 16:16:40,284 - BasePage - INFO - Had find the element ' IT服务 ' successful by xpath via value: .//*[@id='ea-scroll']/div/div[9]/p 
2018-06-13 16:16:40,419 - BasePage - INFO - The element ' IT服务 ' was clicked.
2018-06-13 16:16:40,585 - BasePage - INFO - Had find the element ' IT服务申请 ' successful by xpath via value: .//*[@id='ea-scroll']/div/div[9]/div/div[4]/p 
2018-06-13 16:16:40,698 - BasePage - INFO - The element ' IT服务申请 ' was clicked.
2018-06-13 16:16:40,798 - BasePage - INFO - Sleep for 0 seconds
2018-06-13 16:16:40,871 - BasePage - INFO - Had find the element ' 系统停机申请 ' successful by xpath via value: .//*[@id='ea-scroll']/div/div[9]/div/div[4]/div/p[3] 
2018-06-13 16:16:42,450 - BasePage - INFO - The element '  ' was clicked.
2018-06-13 16:16:54,200 - MYtest - INFO - browser maximize the current window.
2018-06-13 16:16:54,208 - MYtest - INFO - Open browser url is: http://oa.eascs.com/eaoa/
2018-06-13 16:16:56,364 - BasePage - INFO - Had find the element ' OA ' successful by xpath via value: .//*[@id='ea-system']/li[2] 
2018-06-13 16:16:56,499 - BasePage - INFO - The element ' OA ' was clicked.
2018-06-13 16:16:56,999 - BasePage - INFO - Sleep for 0 seconds
2018-06-13 16:16:57,074 - BasePage - INFO - Had find the element ' IT服务 ' successful by xpath via value: .//*[@id='ea-scroll']/div/div[9]/p 
2018-06-13 16:16:57,190 - BasePage - INFO - The element ' IT服务 ' was clicked.
2018-06-13 16:16:57,331 - BasePage - INFO - Had find the element ' IT服务申请 ' successful by xpath via value: .//*[@id='ea-scroll']/div/div[9]/div/div[4]/p 
2018-06-13 16:16:57,428 - BasePage - INFO - The element ' IT服务申请 ' was clicked.
2018-06-13 16:16:57,528 - BasePage - INFO - Sleep for 0 seconds
2018-06-13 16:16:57,595 - BasePage - INFO - Had find the element ' 系统停机日志 ' successful by xpath via value: .//*[@id='ea-scroll']/div/div[9]/div/div[4]/div/p[4] 
2018-06-13 16:16:59,612 - BasePage - INFO - The element ' 系统停机日志 ' was clicked.
2018-06-13 16:16:59,658 - BasePage - INFO - Into the frame is % iframe ***
2018-06-13 16:17:00,734 - BasePage - INFO - Had take screenshot and save to folder : /screenshots
2018-06-13 16:17:00,745 - BasePage - INFO - Current page title is 怡亚通集团管控系统平台
