2018-06-13 15:01:58,431 - MYtest - INFO - You had select <selenium.webdriver.chrome.webdriver.WebDriver (session="e2393a1b6e0be2119fdbf17b2dcf465d")> browser.
2018-06-13 15:01:58,644 - MYtest - INFO - browser maximize the current window.
2018-06-13 15:01:58,648 - MYtest - INFO - Open browser url is: http://oa.eascs.com/eaoa/
2018-06-13 15:02:06,775 - BasePage - INFO - Had find the element ' OA ' successful by xpath via value: .//*[@id='ea-system']/li[2] 
2018-06-13 15:02:06,958 - BasePage - INFO - The element ' OA ' was clicked.
2018-06-13 15:02:07,459 - BasePage - INFO - Sleep for 0 seconds
2018-06-13 15:02:07,569 - BasePage - INFO - Had find the element ' 系统维护 ' successful by xpath via value: .//*[@id='ea-scroll']/div/div[10]/p 
2018-06-13 15:02:07,691 - BasePage - INFO - The element ' 系统维护 ' was clicked.
2018-06-13 15:02:07,883 - BasePage - INFO - Had find the element ' 工作流管理 ' successful by xpath via value: .//*[@id='ea-scroll']/div/div[10]/div/div[2]/p 
2018-06-13 15:02:07,986 - BasePage - INFO - The element ' 工作流管理 ' was clicked.
2018-06-13 15:02:08,086 - BasePage - INFO - Sleep for 0 seconds
2018-06-13 15:02:08,150 - BasePage - INFO - Had find the element ' 流程审核人预览 ' successful by xpath via value: .//*[@id='ea-scroll']/div/div[10]/div/div[2]/div/p[2] 
2018-06-13 15:02:14,321 - BasePage - INFO - The element '  ' was clicked.
2018-06-13 15:02:14,356 - BasePage - INFO - Into the frame is % iframe ***
2018-06-13 15:02:14,380 - BasePage - INFO - Into the frame is % iframe ***
2018-06-13 15:02:15,629 - BasePage - INFO - Had take screenshot and save to folder : /screenshots
2018-06-13 15:02:15,639 - BasePage - INFO - Current page title is 怡亚通集团管控系统平台
2018-06-13 15:02:18,027 - MYtest - INFO - browser maximize the current window.
2018-06-13 15:02:18,030 - MYtest - INFO - Open browser url is: http://oa.eascs.com/eaoa/
2018-06-13 15:02:20,282 - BasePage - INFO - Had find the element ' OA ' successful by xpath via value: .//*[@id='ea-system']/li[2] 
2018-06-13 15:02:20,395 - BasePage - INFO - The element ' OA ' was clicked.
2018-06-13 15:02:20,896 - BasePage - INFO - Sleep for 0 seconds
2018-06-13 15:02:20,967 - BasePage - INFO - Had find the element ' 系统维护 ' successful by xpath via value: .//*[@id='ea-scroll']/div/div[10]/p 
2018-06-13 15:02:21,095 - BasePage - INFO - The element ' 系统维护 ' was clicked.
2018-06-13 15:02:21,239 - BasePage - INFO - Had find the element ' 工作流管理 ' successful by xpath via value: .//*[@id='ea-scroll']/div/div[10]/div/div[2]/p 
2018-06-13 15:02:21,328 - BasePage - INFO - The element ' 工作流管理 ' was clicked.
2018-06-13 15:02:21,428 - BasePage - INFO - Sleep for 0 seconds
2018-06-13 15:02:21,496 - BasePage - INFO - Had find the element ' 流程审核人查询 ' successful by xpath via value: .//*[@id='ea-scroll']/div/div[10]/div/div[2]/div/p[3] 
2018-06-13 15:02:23,739 - BasePage - INFO - The element '  ' was clicked.
2018-06-13 15:02:23,770 - BasePage - INFO - Into the frame is % iframe ***
2018-06-13 15:02:24,043 - MYtest - INFO - browser maximize the current window.
2018-06-13 15:02:24,049 - MYtest - INFO - Open browser url is: http://oa.eascs.com/eaoa/
2018-06-13 15:02:24,081 - MYtest - INFO - browser maximize the current window.
2018-06-13 15:02:24,091 - MYtest - INFO - Open browser url is: http://oa.eascs.com/eaoa/
2018-06-13 15:02:24,125 - MYtest - INFO - browser maximize the current window.
2018-06-13 15:02:24,131 - MYtest - INFO - Open browser url is: http://oa.eascs.com/eaoa/
