2018-07-25 11:12:26,104 - MYtest - INFO - You had select <selenium.webdriver.chrome.webdriver.WebDriver (session="9fea2c59650a543e3c44560bc3a7cccd")> browser.
2018-07-25 11:12:26,407 - MYtest - INFO - browser maximize the current window.
2018-07-25 11:12:26,411 - MYtest - INFO - Open browser url is: http://oa.eascs.com/eaoa/
2018-07-25 11:12:34,320 - BasePage - INFO - Had find the element ' EHR ' successful by xpath via value: .//*[@id='ea-system']/li[4] 
2018-07-25 11:12:34,456 - BasePage - INFO - The element ' EHR ' was clicked.
2018-07-25 11:12:34,956 - BasePage - INFO - Sleep for 0 seconds
2018-07-25 11:12:35,046 - BasePage - INFO - Had find the element ' 工作计划管理 ' successful by xpath via value: .//*[@id='ea-scroll']/div/div[7]/p 
2018-07-25 11:12:35,240 - BasePage - INFO - The element ' 工作计划管理 ' was clicked.
2018-07-25 11:12:35,340 - BasePage - INFO - Sleep for 0 seconds
2018-07-25 11:12:35,408 - BasePage - INFO - Had find the element ' 工作报告管理 ' successful by xpath via value: .//*[@id='ea-scroll']/div/div[7]/div/div[1]/p 
2018-07-25 11:12:37,724 - BasePage - INFO - The element ' 工作报告管理 ' was clicked.
2018-07-25 11:12:37,752 - BasePage - INFO - Into the frame is % iframe ***
2018-07-25 11:12:40,212 - BasePage - INFO - Had take screenshot and save to folder : /screenshots
2018-07-25 11:12:40,227 - BasePage - INFO - Current page title is 怡亚通集团管控系统平台
2018-07-25 11:12:44,447 - MYtest - INFO - browser maximize the current window.
2018-07-25 11:12:44,451 - MYtest - INFO - Open browser url is: http://oa.eascs.com/eaoa/
2018-07-25 11:12:46,083 - BasePage - INFO - Had find the element ' EHR ' successful by xpath via value: .//*[@id='ea-system']/li[4] 
2018-07-25 11:12:46,223 - BasePage - INFO - The element ' EHR ' was clicked.
2018-07-25 11:12:46,723 - BasePage - INFO - Sleep for 0 seconds
2018-07-25 11:12:46,787 - BasePage - INFO - Had find the element ' 工作计划管理 ' successful by xpath via value: .//*[@id='ea-scroll']/div/div[7]/p 
2018-07-25 11:12:46,920 - BasePage - INFO - The element ' 工作计划管理 ' was clicked.
2018-07-25 11:12:47,020 - BasePage - INFO - Sleep for 0 seconds
