2018-07-04 15:45:09,500 - MYtest - INFO - You had select <selenium.webdriver.chrome.webdriver.WebDriver (session="4fc836499fb95b3ea61032415e9679e9")> browser.
2018-07-04 15:45:09,732 - MYtest - INFO - browser maximize the current window.
2018-07-04 15:45:09,742 - MYtest - INFO - Open browser url is: http://oa.eascs.com/eaoa/
2018-07-04 15:45:18,358 - BasePage - INFO - Had find the element ' 行政 ' successful by xpath via value: .//*[@id='ea-system']/li[3] 
2018-07-04 15:45:18,730 - BasePage - INFO - The element ' 行政 ' was clicked.
2018-07-04 15:45:19,231 - BasePage - INFO - Sleep for 0 seconds
2018-07-04 15:45:19,311 - BasePage - INFO - Had find the element ' 资产管理 ' successful by xpath via value: .//*[@id='ea-scroll']/div/div[6]/p 
2018-07-04 15:45:19,544 - BasePage - INFO - The element ' 资产管理 ' was clicked.
2018-07-04 15:45:19,691 - BasePage - INFO - Had find the element ' 固定资产管理 ' successful by xpath via value: .//*[@id='ea-scroll']/div/div[6]/div/div[1]/p 
2018-07-04 15:45:19,873 - BasePage - INFO - The element ' 固定资产管理 ' was clicked.
2018-07-04 15:45:20,073 - BasePage - INFO - Sleep for 0 seconds
2018-07-04 15:45:20,160 - BasePage - INFO - Had find the element ' 资产领用申请 ' successful by xpath via value: .//*[@id='ea-scroll']/div/div[6]/div/div[1]/div/p[1] 
2018-07-04 15:45:20,808 - BasePage - INFO - The element ' 资产领用申请 ' was clicked.
2018-07-04 15:45:22,519 - BasePage - INFO - Into the frame is % iframe ***
2018-07-04 15:45:23,735 - BasePage - INFO - Had take screenshot and save to folder : /screenshots
2018-07-04 15:45:23,747 - BasePage - INFO - Current page title is 怡亚通集团管控系统平台
2018-07-04 15:45:25,902 - MYtest - INFO - browser maximize the current window.
2018-07-04 15:45:25,906 - MYtest - INFO - Open browser url is: http://oa.eascs.com/eaoa/
2018-07-04 15:45:27,712 - BasePage - INFO - Had find the element ' 行政 ' successful by xpath via value: .//*[@id='ea-system']/li[3] 
2018-07-04 15:45:27,923 - BasePage - INFO - The element ' 行政 ' was clicked.
2018-07-04 15:45:28,423 - BasePage - INFO - Sleep for 0 seconds
2018-07-04 15:45:28,570 - BasePage - INFO - Had find the element ' 资产管理 ' successful by xpath via value: .//*[@id='ea-scroll']/div/div[6]/p 
2018-07-04 15:45:28,712 - BasePage - INFO - The element ' 资产管理 ' was clicked.
2018-07-04 15:45:28,807 - BasePage - INFO - Had find the element ' 固定资产管理 ' successful by xpath via value: .//*[@id='ea-scroll']/div/div[6]/div/div[1]/p 
2018-07-04 15:45:28,921 - BasePage - INFO - The element ' 固定资产管理 ' was clicked.
2018-07-04 15:45:29,122 - BasePage - INFO - Sleep for 0 seconds
2018-07-04 15:45:29,207 - BasePage - INFO - Had find the element ' 资产采购查询 ' successful by xpath via value: .//*[@id='ea-scroll']/div/div[6]/div/div[1]/div/p[2] 
2018-07-04 15:45:31,996 - BasePage - INFO - The element ' 资产采购查询 ' was clicked.
2018-07-04 15:45:33,625 - BasePage - INFO - Into the frame is % iframe ***
2018-07-04 15:45:34,838 - BasePage - INFO - Had take screenshot and save to folder : /screenshots
2018-07-04 15:45:34,851 - BasePage - INFO - Current page title is 怡亚通集团管控系统平台
