2018-06-05 15:09:16,119 - MYtest - INFO - You had select <selenium.webdriver.chrome.webdriver.WebDriver (session="69edf24beb93751fe81795c8475eed22")> browser.
2018-06-05 15:09:16,390 - MYtest - INFO - browser maximize the current window.
2018-06-05 15:09:16,404 - MYtest - INFO - Open browser url is: http://oa.eascs.com/eaoa/
2018-06-05 15:09:23,049 - BasePage - INFO - Had find the element ' OA ' successful by xpath via value: .//*[@id='ea-system']/li[2] 
2018-06-05 15:09:23,736 - BasePage - INFO - The element ' OA ' was clicked.
2018-06-05 15:09:24,237 - BasePage - INFO - Sleep for 0 seconds
2018-06-05 15:09:24,315 - BasePage - INFO - Had find the element ' 税务管理 ' successful by xpath via value: .//*[@id='ea-scroll']/div/div[4]/p 
2018-06-05 15:09:24,433 - BasePage - INFO - The element ' 税务管理 ' was clicked.
2018-06-05 15:09:24,666 - BasePage - INFO - Had find the element ' 营业税申报 ' successful by xpath via value: .//*[@id='ea-scroll']/div/div[4]/div/div[5]/p 
2018-06-05 15:09:26,388 - BasePage - INFO - The element ' 营业税申报 ' was clicked.
2018-06-05 15:09:26,443 - BasePage - INFO - Into the frame is % iframe ***
2018-06-05 15:09:59,090 - MYtest - INFO - You had select <selenium.webdriver.chrome.webdriver.WebDriver (session="efc761ee2c87a8e4419062bea1ba0077")> browser.
2018-06-05 15:09:59,411 - MYtest - INFO - browser maximize the current window.
2018-06-05 15:09:59,416 - MYtest - INFO - Open browser url is: http://oa.eascs.com/eaoa/
2018-06-05 15:10:05,795 - BasePage - INFO - Had find the element ' OA ' successful by xpath via value: .//*[@id='ea-system']/li[2] 
2018-06-05 15:10:06,420 - BasePage - INFO - The element ' OA ' was clicked.
2018-06-05 15:10:06,921 - BasePage - INFO - Sleep for 0 seconds
2018-06-05 15:10:06,984 - BasePage - INFO - Had find the element ' 税务管理 ' successful by xpath via value: .//*[@id='ea-scroll']/div/div[4]/p 
2018-06-05 15:10:07,115 - BasePage - INFO - The element ' 税务管理 ' was clicked.
2018-06-05 15:10:07,307 - BasePage - INFO - Had find the element ' 营业税申报 ' successful by xpath via value: .//*[@id='ea-scroll']/div/div[4]/div/div[5]/p 
2018-06-05 15:10:11,737 - BasePage - INFO - The element ' 营业税申报 ' was clicked.
2018-06-05 15:10:11,799 - BasePage - INFO - Into the frame is % iframe ***
2018-06-05 15:10:12,841 - BasePage - INFO - Had take screenshot and save to folder : /screenshots
2018-06-05 15:10:12,907 - BasePage - INFO - Had find the element ' 缴纳确认单据 ' successful by xpath via value: html/body/table[3]/tbody/tr/td[3] 
2018-06-05 15:10:12,928 - BasePage - INFO - Current page title is 怡亚通集团管控系统平台
