2018-06-12 11:09:25,157 - MYtest - INFO - You had select <selenium.webdriver.chrome.webdriver.WebDriver (session="b868d6ef57c2b9f80885dc71ae380ff6")> browser.
2018-06-12 11:09:25,401 - MYtest - INFO - browser maximize the current window.
2018-06-12 11:09:25,410 - MYtest - INFO - Open browser url is: http://oa.eascs.com/eaoa/
2018-06-12 11:09:34,722 - BasePage - INFO - Had find the element ' OA ' successful by xpath via value: .//*[@id='ea-system']/li[2] 
2018-06-12 11:09:34,897 - BasePage - INFO - The element ' OA ' was clicked.
2018-06-12 11:09:35,397 - BasePage - INFO - Sleep for 0 seconds
2018-06-12 11:09:35,465 - BasePage - INFO - Had find the element ' 证券管理 ' successful by xpath via value: .//*[@id='ea-scroll']/div/div[8]/p 
2018-06-12 11:09:35,588 - BasePage - INFO - The element ' 证券管理 ' was clicked.
2018-06-12 11:09:35,745 - BasePage - INFO - Had find the element ' 重要信息批露 ' successful by xpath via value: .//*[@id='ea-scroll']/div/div[8]/div/div[2]/p 
2018-06-12 11:09:35,849 - BasePage - INFO - The element ' 重要信息批露 ' was clicked.
2018-06-12 11:09:35,949 - BasePage - INFO - Sleep for 0 seconds
2018-06-12 11:09:36,009 - BasePage - INFO - Had find the element ' 重要信息批露 ' successful by xpath via value: .//*[@id='ea-scroll']/div/div[8]/div/div[2]/div/p[1] 
2018-06-12 11:09:37,947 - BasePage - INFO - The element '  ' was clicked.
2018-06-12 11:09:37,982 - BasePage - INFO - Into the frame is % iframe ***
2018-06-12 11:09:38,822 - BasePage - INFO - Had take screenshot and save to folder : /screenshots
2018-06-12 11:09:38,836 - BasePage - INFO - Current page title is 怡亚通集团管控系统平台
2018-06-12 11:09:40,570 - MYtest - INFO - browser maximize the current window.
2018-06-12 11:09:40,573 - MYtest - INFO - Open browser url is: http://oa.eascs.com/eaoa/
2018-06-12 11:09:42,641 - BasePage - INFO - Had find the element ' OA ' successful by xpath via value: .//*[@id='ea-system']/li[2] 
2018-06-12 11:09:42,849 - BasePage - INFO - The element ' OA ' was clicked.
2018-06-12 11:09:43,349 - BasePage - INFO - Sleep for 0 seconds
2018-06-12 11:09:43,430 - BasePage - INFO - Had find the element ' 证券管理 ' successful by xpath via value: .//*[@id='ea-scroll']/div/div[8]/p 
2018-06-12 11:09:43,576 - BasePage - INFO - The element ' 证券管理 ' was clicked.
2018-06-12 11:09:43,753 - BasePage - INFO - Had find the element ' 重要信息批露 ' successful by xpath via value: .//*[@id='ea-scroll']/div/div[8]/div/div[2]/p 
2018-06-12 11:09:43,857 - BasePage - INFO - The element ' 重要信息批露 ' was clicked.
2018-06-12 11:09:43,957 - BasePage - INFO - Sleep for 0 seconds
2018-06-12 11:09:44,041 - BasePage - INFO - Had find the element ' 担保数据维护 ' successful by xpath via value: .//*[@id='ea-scroll']/div/div[8]/div/div[2]/div/p[2] 
2018-06-12 11:09:45,900 - BasePage - INFO - The element '  ' was clicked.
2018-06-12 11:09:45,958 - BasePage - INFO - Into the frame is % iframe ***
2018-06-12 11:09:46,869 - BasePage - INFO - Had take screenshot and save to folder : /screenshots
2018-06-12 11:09:46,877 - BasePage - INFO - Current page title is 怡亚通集团管控系统平台
2018-06-12 11:09:48,616 - MYtest - INFO - browser maximize the current window.
2018-06-12 11:09:48,621 - MYtest - INFO - Open browser url is: http://oa.eascs.com/eaoa/
2018-06-12 11:09:50,798 - BasePage - INFO - Had find the element ' OA ' successful by xpath via value: .//*[@id='ea-system']/li[2] 
2018-06-12 11:09:50,915 - BasePage - INFO - The element ' OA ' was clicked.
2018-06-12 11:09:51,415 - BasePage - INFO - Sleep for 0 seconds
2018-06-12 11:09:51,486 - BasePage - INFO - Had find the element ' 证券管理 ' successful by xpath via value: .//*[@id='ea-scroll']/div/div[8]/p 
2018-06-12 11:09:51,625 - BasePage - INFO - The element ' 证券管理 ' was clicked.
2018-06-12 11:09:51,770 - BasePage - INFO - Had find the element ' 重要信息批露 ' successful by xpath via value: .//*[@id='ea-scroll']/div/div[8]/div/div[2]/p 
2018-06-12 11:09:51,868 - BasePage - INFO - The element ' 重要信息批露 ' was clicked.
2018-06-12 11:09:51,969 - BasePage - INFO - Sleep for 0 seconds
2018-06-12 11:09:52,031 - BasePage - INFO - Had find the element ' 两会过会公司 ' successful by xpath via value: .//*[@id='ea-scroll']/div/div[8]/div/div[2]/div/p[3] 
2018-06-12 11:09:53,857 - BasePage - INFO - The element '  ' was clicked.
2018-06-12 11:09:53,901 - BasePage - INFO - Into the frame is % iframe ***
2018-06-12 11:09:54,917 - BasePage - INFO - Had take screenshot and save to folder : /screenshots
2018-06-12 11:09:54,926 - BasePage - INFO - Current page title is 怡亚通集团管控系统平台
2018-06-12 11:09:56,720 - MYtest - INFO - browser maximize the current window.
2018-06-12 11:09:56,724 - MYtest - INFO - Open browser url is: http://oa.eascs.com/eaoa/
2018-06-12 11:09:58,860 - BasePage - INFO - Had find the element ' OA ' successful by xpath via value: .//*[@id='ea-system']/li[2] 
2018-06-12 11:09:58,980 - BasePage - INFO - The element ' OA ' was clicked.
2018-06-12 11:09:59,480 - BasePage - INFO - Sleep for 0 seconds
2018-06-12 11:09:59,554 - BasePage - INFO - Had find the element ' 证券管理 ' successful by xpath via value: .//*[@id='ea-scroll']/div/div[8]/p 
2018-06-12 11:09:59,749 - BasePage - INFO - The element ' 证券管理 ' was clicked.
2018-06-12 11:09:59,846 - BasePage - INFO - Had find the element ' 重要信息批露 ' successful by xpath via value: .//*[@id='ea-scroll']/div/div[8]/div/div[2]/p 
2018-06-12 11:09:59,979 - BasePage - INFO - The element ' 重要信息批露 ' was clicked.
2018-06-12 11:10:00,080 - BasePage - INFO - Sleep for 0 seconds
2018-06-12 11:10:00,149 - BasePage - INFO - Had find the element ' 资金担保申请 ' successful by xpath via value: .//*[@id='ea-scroll']/div/div[8]/div/div[2]/div/p[4] 
2018-06-12 11:10:01,840 - BasePage - INFO - The element '  ' was clicked.
2018-06-12 11:10:01,878 - BasePage - INFO - Into the frame is % iframe ***
2018-06-12 11:10:02,660 - BasePage - INFO - Had take screenshot and save to folder : /screenshots
2018-06-12 11:10:02,670 - BasePage - INFO - Current page title is 怡亚通集团管控系统平台
