2018-06-11 10:22:06,264 - MYtest - INFO - You had select <selenium.webdriver.chrome.webdriver.WebDriver (session="5c1421a87a78c10c0eb471321bdf5f48")> browser.
2018-06-11 10:22:06,467 - MYtest - INFO - browser maximize the current window.
2018-06-11 10:22:06,474 - MYtest - INFO - Open browser url is: http://oa.eascs.com/eaoa/
2018-06-11 10:22:12,282 - BasePage - INFO - Had find the element ' OA ' successful by xpath via value: .//*[@id='ea-system']/li[2] 
2018-06-11 10:22:12,435 - BasePage - INFO - The element ' OA ' was clicked.
2018-06-11 10:22:12,935 - BasePage - INFO - Sleep for 0 seconds
2018-06-11 10:22:13,000 - BasePage - INFO - Had find the element ' 对外投资 ' successful by xpath via value: .//*[@id='ea-scroll']/div/div[1]/p 
2018-06-11 10:22:13,118 - BasePage - INFO - The element ' 对外投资 ' was clicked.
2018-06-11 10:22:13,260 - BasePage - INFO - Had find the element ' 控股 ' successful by xpath via value: .//*[@id='ea-scroll']/div/div[1]/div/div[1]/p 
2018-06-11 10:22:17,951 - BasePage - INFO - The element ' 控股 ' was clicked.
2018-06-11 10:22:17,994 - BasePage - INFO - Into the frame is % iframe ***
2018-06-11 10:22:18,987 - BasePage - INFO - Had take screenshot and save to folder : /screenshots
2018-06-11 10:22:19,048 - BasePage - INFO - Had find the element ' 业务模式现状 ' successful by id via value: businessmodel 
2018-06-11 10:22:19,073 - BasePage - INFO - Current page title is 怡亚通集团管控系统平台
2018-06-11 10:22:20,238 - MYtest - INFO - browser maximize the current window.
2018-06-11 10:22:20,244 - MYtest - INFO - Open browser url is: http://oa.eascs.com/eaoa/
2018-06-11 10:22:21,392 - BasePage - INFO - Had find the element ' OA ' successful by xpath via value: .//*[@id='ea-system']/li[2] 
2018-06-11 10:22:21,533 - BasePage - INFO - The element ' OA ' was clicked.
2018-06-11 10:22:22,033 - BasePage - INFO - Sleep for 0 seconds
2018-06-11 10:22:22,090 - BasePage - INFO - Had find the element ' 对外投资 ' successful by xpath via value: .//*[@id='ea-scroll']/div/div[1]/p 
2018-06-11 10:22:22,212 - BasePage - INFO - The element ' 对外投资 ' was clicked.
2018-06-11 10:22:22,335 - BasePage - INFO - Had find the element ' 参股 ' successful by xpath via value: .//*[@id='ea-scroll']/div/div[1]/div/div[2]/p 
2018-06-11 10:22:24,075 - BasePage - INFO - The element ' 参股 ' was clicked.
2018-06-11 10:22:24,107 - BasePage - INFO - Into the frame is % iframe ***
2018-06-11 10:22:24,892 - BasePage - INFO - Had take screenshot and save to folder : /screenshots
2018-06-11 10:22:24,937 - BasePage - INFO - Had find the element ' 业务模式现状 ' successful by id via value: businessmodel 
2018-06-11 10:22:24,958 - BasePage - INFO - Current page title is 怡亚通集团管控系统平台
2018-06-11 10:22:25,996 - MYtest - INFO - browser maximize the current window.
2018-06-11 10:22:26,001 - MYtest - INFO - Open browser url is: http://oa.eascs.com/eaoa/
2018-06-11 10:22:27,351 - BasePage - INFO - Had find the element ' OA ' successful by xpath via value: .//*[@id='ea-system']/li[2] 
2018-06-11 10:22:27,620 - BasePage - INFO - The element ' OA ' was clicked.
2018-06-11 10:22:28,120 - BasePage - INFO - Sleep for 0 seconds
2018-06-11 10:22:28,190 - BasePage - INFO - Had find the element ' 对外投资 ' successful by xpath via value: .//*[@id='ea-scroll']/div/div[1]/p 
2018-06-11 10:22:28,361 - BasePage - INFO - The element ' 对外投资 ' was clicked.
2018-06-11 10:22:28,502 - BasePage - INFO - Had find the element ' 其他 ' successful by xpath via value: .//*[@id='ea-scroll']/div/div[1]/div/div[3]/p 
2018-06-11 10:22:30,675 - BasePage - INFO - The element ' 其他 ' was clicked.
2018-06-11 10:22:30,723 - BasePage - INFO - Into the frame is % iframe ***
2018-06-11 10:22:31,495 - BasePage - INFO - Had take screenshot and save to folder : /screenshots
2018-06-11 10:22:31,543 - BasePage - INFO - Had find the element ' 业务模式现状 ' successful by id via value: businessmodel 
2018-06-11 10:22:31,566 - BasePage - INFO - Current page title is 怡亚通集团管控系统平台
