2018-06-13 16:25:21,232 - MYtest - INFO - You had select <selenium.webdriver.chrome.webdriver.WebDriver (session="f352aea6d0dca71e7df29fee032a62ba")> browser.
2018-06-13 16:25:21,524 - MYtest - INFO - browser maximize the current window.
2018-06-13 16:25:21,533 - MYtest - INFO - Open browser url is: http://oa.eascs.com/eaoa/
2018-06-13 16:25:30,461 - BasePage - INFO - Had find the element ' OA ' successful by xpath via value: .//*[@id='ea-system']/li[2] 
2018-06-13 16:25:30,616 - BasePage - INFO - The element ' OA ' was clicked.
2018-06-13 16:25:31,116 - BasePage - INFO - Sleep for 0 seconds
2018-06-13 16:25:31,208 - BasePage - INFO - Had find the element ' 营运管理 ' successful by xpath via value: .//*[@id='ea-scroll']/div/div[6]/p 
2018-06-13 16:25:31,324 - BasePage - INFO - The element ' 营运管理 ' was clicked.
2018-06-13 16:25:31,462 - BasePage - INFO - Had find the element ' 异常管理 ' successful by xpath via value: .//*[@id='ea-scroll']/div/div[6]/div/div[2]/p 
2018-06-13 16:25:31,559 - BasePage - INFO - The element ' 异常管理 ' was clicked.
2018-06-13 16:25:31,659 - BasePage - INFO - Sleep for 0 seconds
2018-06-13 16:25:31,728 - BasePage - INFO - Had find the element ' 运作异常 ' successful by xpath via value: .//*[@id='ea-scroll']/div/div[6]/div/div[2]/div/p[1] 
2018-06-13 16:25:34,254 - BasePage - INFO - The element ' 运作异常 ' was clicked.
2018-06-13 16:25:34,283 - BasePage - INFO - Into the frame is % iframe ***
2018-06-13 16:25:34,413 - BasePage - INFO - Sleep for 0 seconds
2018-06-13 16:25:36,323 - MYtest - INFO - browser maximize the current window.
2018-06-13 16:25:36,328 - MYtest - INFO - Open browser url is: http://oa.eascs.com/eaoa/
2018-06-13 16:25:38,493 - BasePage - INFO - Had find the element ' OA ' successful by xpath via value: .//*[@id='ea-system']/li[2] 
2018-06-13 16:25:38,613 - BasePage - INFO - The element ' OA ' was clicked.
2018-06-13 16:25:39,114 - BasePage - INFO - Sleep for 0 seconds
2018-06-13 16:25:39,180 - BasePage - INFO - Had find the element ' 营运管理 ' successful by xpath via value: .//*[@id='ea-scroll']/div/div[6]/p 
2018-06-13 16:25:39,305 - BasePage - INFO - The element ' 营运管理 ' was clicked.
2018-06-13 16:25:39,442 - BasePage - INFO - Had find the element ' 异常管理 ' successful by xpath via value: .//*[@id='ea-scroll']/div/div[6]/div/div[2]/p 
2018-06-13 16:25:39,536 - BasePage - INFO - The element ' 异常管理 ' was clicked.
2018-06-13 16:25:39,637 - BasePage - INFO - Sleep for 0 seconds
2018-06-13 16:25:39,703 - BasePage - INFO - Had find the element ' 异常赔偿费用 ' successful by xpath via value: .//*[@id='ea-scroll']/div/div[6]/div/div[2]/div/p[2] 
2018-06-13 16:25:41,762 - BasePage - INFO - The element ' 异常赔偿费用 ' was clicked.
2018-06-13 16:25:41,811 - BasePage - INFO - Into the frame is % iframe ***
2018-06-13 16:25:42,771 - BasePage - INFO - Had take screenshot and save to folder : /screenshots
2018-06-13 16:25:42,831 - BasePage - INFO - Had find the element ' 单据编号 ' successful by id via value: billsn 
2018-06-13 16:25:42,854 - BasePage - INFO - Current page title is 怡亚通集团管控系统平台
2018-06-13 16:25:44,731 - MYtest - INFO - browser maximize the current window.
2018-06-13 16:25:44,734 - MYtest - INFO - Open browser url is: http://oa.eascs.com/eaoa/
2018-06-13 16:25:46,893 - BasePage - INFO - Had find the element ' OA ' successful by xpath via value: .//*[@id='ea-system']/li[2] 
2018-06-13 16:25:47,013 - BasePage - INFO - The element ' OA ' was clicked.
2018-06-13 16:25:47,513 - BasePage - INFO - Sleep for 0 seconds
2018-06-13 16:25:47,591 - BasePage - INFO - Had find the element ' 营运管理 ' successful by xpath via value: .//*[@id='ea-scroll']/div/div[6]/p 
2018-06-13 16:25:47,739 - BasePage - INFO - The element ' 营运管理 ' was clicked.
2018-06-13 16:25:47,828 - BasePage - INFO - Had find the element ' 异常管理 ' successful by xpath via value: .//*[@id='ea-scroll']/div/div[6]/div/div[2]/p 
2018-06-13 16:25:47,923 - BasePage - INFO - The element ' 异常管理 ' was clicked.
2018-06-13 16:25:48,023 - BasePage - INFO - Sleep for 0 seconds
2018-06-13 16:25:48,093 - BasePage - INFO - Had find the element ' 应收款库存异常 ' successful by xpath via value: .//*[@id='ea-scroll']/div/div[6]/div/div[2]/div/p[3] 
2018-06-13 16:25:49,918 - BasePage - INFO - The element ' 应收款库存异常 ' was clicked.
2018-06-13 16:25:49,948 - BasePage - INFO - Into the frame is % iframe ***
2018-06-13 16:25:50,814 - BasePage - INFO - Had take screenshot and save to folder : /screenshots
2018-06-13 16:25:50,875 - BasePage - INFO - Had find the element ' 单据编号 ' successful by id via value: billsn 
2018-06-13 16:25:50,899 - BasePage - INFO - Current page title is 怡亚通集团管控系统平台
2018-06-13 16:25:52,803 - MYtest - INFO - browser maximize the current window.
2018-06-13 16:25:52,812 - MYtest - INFO - Open browser url is: http://oa.eascs.com/eaoa/
2018-06-13 16:25:55,118 - BasePage - INFO - Had find the element ' OA ' successful by xpath via value: .//*[@id='ea-system']/li[2] 
2018-06-13 16:25:55,249 - BasePage - INFO - The element ' OA ' was clicked.
2018-06-13 16:25:55,749 - BasePage - INFO - Sleep for 0 seconds
2018-06-13 16:25:55,827 - BasePage - INFO - Had find the element ' 营运管理 ' successful by xpath via value: .//*[@id='ea-scroll']/div/div[6]/p 
2018-06-13 16:25:55,954 - BasePage - INFO - The element ' 营运管理 ' was clicked.
2018-06-13 16:25:56,085 - BasePage - INFO - Had find the element ' 异常管理 ' successful by xpath via value: .//*[@id='ea-scroll']/div/div[6]/div/div[2]/p 
2018-06-13 16:25:56,177 - BasePage - INFO - The element ' 异常管理 ' was clicked.
2018-06-13 16:25:56,278 - BasePage - INFO - Sleep for 0 seconds
2018-06-13 16:25:56,351 - BasePage - INFO - Had find the element ' 货权转移查询 ' successful by xpath via value: .//*[@id='ea-scroll']/div/div[6]/div/div[2]/div/p[4] 
2018-06-13 16:25:58,087 - BasePage - INFO - The element ' 货权转移查询 ' was clicked.
2018-06-13 16:25:58,120 - BasePage - INFO - Into the frame is % iframe ***
2018-06-13 16:25:58,852 - BasePage - INFO - Had take screenshot and save to folder : /screenshots
2018-06-13 16:25:58,942 - BasePage - INFO - Had find the element ' 单据编号 ' successful by id via value: billcode 
2018-06-13 16:25:58,969 - BasePage - INFO - Current page title is 怡亚通集团管控系统平台
2018-06-13 16:25:58,979 - BasePage - INFO - back frame
