2018-05-31 15:34:48,257 - MYtest - INFO - You had select <selenium.webdriver.chrome.webdriver.WebDriver (session="40db92ad477dea983d77f961b24359c7")> browser.
2018-05-31 15:34:48,494 - MYtest - INFO - browser maximize the current window.
2018-05-31 15:34:48,498 - MYtest - INFO - Open browser url is: http://oa.eascs.com/eaoa/
2018-05-31 15:34:54,778 - BasePage - INFO - Had find the element ' OA ' successful by xpath via value: .//*[@id='ea-system']/li[2] 
2018-05-31 15:34:55,030 - BasePage - INFO - The element ' OA ' was clicked.
2018-05-31 15:34:55,531 - BasePage - INFO - Sleep for 0 seconds
2018-05-31 15:34:55,600 - BasePage - INFO - Had find the element ' 财务管理 ' successful by xpath via value: .//*[@id='ea-scroll']/div/div[3]/p 
2018-05-31 15:34:55,725 - BasePage - INFO - The element ' 财务管理 ' was clicked.
2018-05-31 15:34:56,217 - BasePage - INFO - Had find the element ' 预算管理 ' successful by xpath via value: .//*[@id='ea-scroll']/div/div[3]/div/div[8]/p 
2018-05-31 15:34:56,412 - BasePage - INFO - The element ' 预算管理 ' was clicked.
2018-05-31 15:34:56,712 - BasePage - INFO - Sleep for 0 seconds
2018-05-31 15:34:56,777 - BasePage - INFO - Had find the element ' 预算申请 ' successful by xpath via value: .//*[@id='ea-scroll']/div/div[3]/div/div[8]/div/p[1] 
2018-05-31 15:34:58,842 - BasePage - INFO - The element '  ' was clicked.
2018-05-31 15:34:58,879 - BasePage - INFO - Into the frame is % iframe ***
2018-05-31 15:35:09,371 - MYtest - INFO - browser maximize the current window.
2018-05-31 15:35:09,374 - MYtest - INFO - Open browser url is: http://oa.eascs.com/eaoa/
2018-05-31 15:35:10,319 - BasePage - INFO - Had find the element ' OA ' successful by xpath via value: .//*[@id='ea-system']/li[2] 
2018-05-31 15:35:10,502 - BasePage - INFO - The element ' OA ' was clicked.
2018-05-31 15:35:11,003 - BasePage - INFO - Sleep for 0 seconds
2018-05-31 15:35:11,101 - BasePage - INFO - Had find the element ' 财务管理 ' successful by xpath via value: .//*[@id='ea-scroll']/div/div[3]/p 
2018-05-31 15:35:11,262 - BasePage - INFO - The element ' 财务管理 ' was clicked.
2018-05-31 15:35:11,378 - BasePage - INFO - Had find the element ' 预算管理 ' successful by xpath via value: .//*[@id='ea-scroll']/div/div[3]/div/div[8]/p 
2018-05-31 15:35:11,464 - BasePage - INFO - The element ' 预算管理 ' was clicked.
2018-05-31 15:35:11,864 - BasePage - INFO - Sleep for 0 seconds
2018-05-31 15:35:11,926 - BasePage - INFO - Had find the element ' 预算调整 ' successful by xpath via value: .//*[@id='ea-scroll']/div/div[3]/div/div[8]/div/p[2] 
2018-05-31 15:35:12,461 - BasePage - INFO - The element ' 预算调整 ' was clicked.
2018-05-31 15:35:12,490 - BasePage - INFO - Into the frame is % iframe ***
2018-05-31 15:35:13,293 - BasePage - INFO - Had take screenshot and save to folder : /screenshots
2018-05-31 15:35:13,347 - BasePage - INFO - Had find the element ' 预算年度 ' successful by xpath via value: html/body/table/tbody/tr[3]/td/table/tbody/tr/td[3] 
2018-05-31 15:35:13,369 - BasePage - INFO - Current page title is 怡亚通集团管控系统平台
2018-05-31 15:35:13,376 - BasePage - INFO - back frame
