2018-07-23 09:58:15,828 - MYtest - INFO - You had select <selenium.webdriver.chrome.webdriver.WebDriver (session="3aa9f3440f9494f6019d8a97e403735e")> browser.
2018-07-23 09:58:16,055 - MYtest - INFO - browser maximize the current window.
2018-07-23 09:58:16,061 - MYtest - INFO - Open browser url is: http://oa.eascs.com/eaoa/
2018-07-23 09:58:24,098 - BasePage - INFO - Had find the element ' EHR ' successful by xpath via value: .//*[@id='ea-system']/li[4] 
2018-07-23 09:58:24,218 - BasePage - INFO - The element ' EHR ' was clicked.
2018-07-23 09:58:24,718 - BasePage - INFO - Sleep for 0 seconds
2018-07-23 09:58:24,794 - BasePage - INFO - Had find the element ' 培训管理 ' successful by xpath via value: .//*[@id='ea-scroll']/div/div[4]/p 
2018-07-23 09:58:24,924 - BasePage - INFO - The element ' 培训管理 ' was clicked.
2018-07-23 09:58:25,025 - BasePage - INFO - Sleep for 0 seconds
2018-07-23 09:58:25,109 - BasePage - INFO - Had find the element ' 讲师管理 ' successful by xpath via value: .//*[@id='ea-scroll']/div/div[4]/div/div[1]/p 
2018-07-23 09:58:25,580 - BasePage - INFO - The element ' 讲师管理 ' was clicked.
2018-07-23 09:58:37,505 - MYtest - INFO - browser maximize the current window.
2018-07-23 09:58:37,507 - MYtest - INFO - Open browser url is: http://oa.eascs.com/eaoa/
2018-07-23 09:58:38,889 - BasePage - INFO - Had find the element ' EHR ' successful by xpath via value: .//*[@id='ea-system']/li[4] 
2018-07-23 09:58:38,995 - BasePage - INFO - The element ' EHR ' was clicked.
2018-07-23 09:58:39,495 - BasePage - INFO - Sleep for 0 seconds
2018-07-23 09:58:39,549 - BasePage - INFO - Had find the element ' 培训管理 ' successful by xpath via value: .//*[@id='ea-scroll']/div/div[4]/p 
2018-07-23 09:58:39,678 - BasePage - INFO - The element ' 培训管理 ' was clicked.
2018-07-23 09:58:39,778 - BasePage - INFO - Sleep for 0 seconds
2018-07-23 09:58:39,840 - BasePage - INFO - Had find the element ' 课程管理 ' successful by xpath via value: .//*[@id='ea-scroll']/div/div[4]/div/div[2]/p 
2018-07-23 09:58:40,147 - BasePage - INFO - The element ' 课程管理 ' was clicked.
2018-07-23 09:58:40,175 - BasePage - INFO - Into the frame is % iframe ***
2018-07-23 09:58:42,910 - BasePage - INFO - Had take screenshot and save to folder : /screenshots
2018-07-23 09:58:42,922 - BasePage - INFO - Current page title is 怡亚通集团管控系统平台
