2018-06-25 13:52:43,426 - MYtest - INFO - You had select <selenium.webdriver.firefox.webdriver.WebDriver (session="b10c9443-1d31-48e5-932f-fd5ee2d5d6ab")> browser.
2018-06-25 13:52:43,577 - MYtest - INFO - browser maximize the current window.
2018-06-25 13:52:43,607 - MYtest - INFO - Open browser url is: http://oa.eascs.com/eaoa/
2018-06-25 13:52:47,761 - BasePage - INFO - Had find the element ' 行政 ' successful by xpath via value: .//*[@id='ea-system']/li[3] 
2018-06-25 13:52:48,492 - BasePage - INFO - The element ' 行政 ' was clicked.
2018-06-25 13:52:48,993 - BasePage - INFO - Sleep for 0 seconds
2018-06-25 13:52:49,053 - BasePage - INFO - Had find the element ' 行政服务 ' successful by xpath via value: .//*[@id='ea-scroll']/div/div[4]/p 
2018-06-25 13:52:49,345 - BasePage - INFO - The element ' 行政服务 ' was clicked.
2018-06-25 13:52:50,323 - BasePage - INFO - Had find the element ' 快件接收 ' successful by xpath via value: .//*[@id='ea-scroll']/div/div[4]/div/div[7]/div/p[1] 
2018-06-25 13:52:50,581 - BasePage - INFO - The element '  ' was clicked.
2018-06-25 13:52:50,596 - BasePage - INFO - Into the frame is % iframe ***
2018-06-25 13:52:53,541 - BasePage - INFO - Had take screenshot and save to folder : /screenshots
2018-06-25 13:52:53,574 - BasePage - INFO - Current page title is 怡亚通集团管控系统平台
2018-06-25 13:52:57,684 - MYtest - INFO - browser maximize the current window.
2018-06-25 13:52:57,709 - MYtest - INFO - Open browser url is: http://oa.eascs.com/eaoa/
2018-06-25 13:53:00,393 - BasePage - INFO - Had find the element ' 行政 ' successful by xpath via value: .//*[@id='ea-system']/li[3] 
2018-06-25 13:53:00,688 - BasePage - INFO - The element ' 行政 ' was clicked.
2018-06-25 13:53:01,189 - BasePage - INFO - Sleep for 0 seconds
2018-06-25 13:53:01,224 - BasePage - INFO - Had find the element ' 行政服务 ' successful by xpath via value: .//*[@id='ea-scroll']/div/div[4]/p 
2018-06-25 13:53:01,536 - BasePage - INFO - The element ' 行政服务 ' was clicked.
2018-06-25 13:53:01,584 - BasePage - INFO - Had find the element ' 快递管理 ' successful by xpath via value: .//*[@id='ea-scroll']/div/div[4]/div/div[7]/p 
2018-06-25 13:53:01,860 - BasePage - INFO - The element ' 快递管理 ' was clicked.
2018-06-25 13:53:01,960 - BasePage - INFO - Sleep for 0 seconds
2018-06-25 13:53:02,494 - BasePage - INFO - Had find the element '  ' successful by xpath via value: .//*[@id='ea-scroll']/div/div[4]/div/div[7]/div/p[2] 
2018-06-25 13:53:07,074 - MYtest - INFO - browser maximize the current window.
2018-06-25 13:53:07,094 - MYtest - INFO - Open browser url is: http://oa.eascs.com/eaoa/
2018-06-25 13:53:10,164 - BasePage - INFO - Had find the element ' 行政 ' successful by xpath via value: .//*[@id='ea-system']/li[3] 
2018-06-25 13:53:10,449 - BasePage - INFO - The element ' 行政 ' was clicked.
2018-06-25 13:53:10,950 - BasePage - INFO - Sleep for 0 seconds
2018-06-25 13:53:10,973 - BasePage - INFO - Had find the element ' 行政服务 ' successful by xpath via value: .//*[@id='ea-scroll']/div/div[4]/p 
2018-06-25 13:53:11,236 - BasePage - INFO - The element ' 行政服务 ' was clicked.
2018-06-25 13:53:11,270 - BasePage - INFO - Had find the element ' 快递管理 ' successful by xpath via value: .//*[@id='ea-scroll']/div/div[4]/div/div[7]/p 
2018-06-25 13:53:11,525 - BasePage - INFO - The element ' 快递管理 ' was clicked.
2018-06-25 13:53:11,625 - BasePage - INFO - Sleep for 0 seconds
2018-06-25 13:53:12,214 - BasePage - INFO - Had find the element '  ' successful by xpath via value: .//*[@id='ea-scroll']/div/div[4]/div/div[7]/div/p[3] 
