2018-06-13 16:31:48,883 - MYtest - INFO - You had select <selenium.webdriver.chrome.webdriver.WebDriver (session="030c4646ab3cfc6bd459110312d642da")> browser.
2018-06-13 16:31:49,200 - MYtest - INFO - browser maximize the current window.
2018-06-13 16:31:49,206 - MYtest - INFO - Open browser url is: http://oa.eascs.com/eaoa/
2018-06-13 16:32:01,168 - BasePage - INFO - Had find the element ' OA ' successful by xpath via value: .//*[@id='ea-system']/li[2] 
2018-06-13 16:32:01,304 - BasePage - INFO - The element ' OA ' was clicked.
2018-06-13 16:32:01,804 - BasePage - INFO - Sleep for 0 seconds
2018-06-13 16:32:01,874 - BasePage - INFO - Had find the element ' 财务管理 ' successful by xpath via value: .//*[@id='ea-scroll']/div/div[3]/p 
2018-06-13 16:32:02,004 - BasePage - INFO - The element ' 财务管理 ' was clicked.
2018-06-13 16:32:02,190 - BasePage - INFO - Had find the element ' 预算管理 ' successful by xpath via value: .//*[@id='ea-scroll']/div/div[3]/div/div[8]/p 
2018-06-13 16:32:02,302 - BasePage - INFO - The element ' 预算管理 ' was clicked.
2018-06-13 16:32:02,603 - BasePage - INFO - Sleep for 0 seconds
2018-06-13 16:32:02,664 - BasePage - INFO - Had find the element ' 预算申请 ' successful by xpath via value: .//*[@id='ea-scroll']/div/div[3]/div/div[8]/div/p[1] 
2018-06-13 16:32:05,323 - BasePage - INFO - The element '  ' was clicked.
2018-06-13 16:32:05,352 - BasePage - INFO - Into the frame is % iframe ***
2018-06-13 16:32:06,189 - BasePage - INFO - Had take screenshot and save to folder : /screenshots
2018-06-13 16:32:06,249 - BasePage - INFO - Had find the element ' 预算部门 ' successful by xpath via value: html/body/table/tbody/tr[3]/td/table/tbody/tr/td[5] 
2018-06-13 16:32:06,269 - BasePage - INFO - Current page title is 怡亚通集团管控系统平台
2018-06-13 16:32:07,999 - MYtest - INFO - browser maximize the current window.
2018-06-13 16:32:08,004 - MYtest - INFO - Open browser url is: http://oa.eascs.com/eaoa/
2018-06-13 16:32:10,099 - BasePage - INFO - Had find the element ' OA ' successful by xpath via value: .//*[@id='ea-system']/li[2] 
2018-06-13 16:32:10,238 - BasePage - INFO - The element ' OA ' was clicked.
2018-06-13 16:32:10,738 - BasePage - INFO - Sleep for 0 seconds
2018-06-13 16:32:10,801 - BasePage - INFO - Had find the element ' 财务管理 ' successful by xpath via value: .//*[@id='ea-scroll']/div/div[3]/p 
2018-06-13 16:32:10,941 - BasePage - INFO - The element ' 财务管理 ' was clicked.
2018-06-13 16:32:11,117 - BasePage - INFO - Had find the element ' 预算管理 ' successful by xpath via value: .//*[@id='ea-scroll']/div/div[3]/div/div[8]/p 
2018-06-13 16:32:11,205 - BasePage - INFO - The element ' 预算管理 ' was clicked.
2018-06-13 16:32:11,606 - BasePage - INFO - Sleep for 0 seconds
2018-06-13 16:32:11,689 - BasePage - INFO - Had find the element ' 预算调整 ' successful by xpath via value: .//*[@id='ea-scroll']/div/div[3]/div/div[8]/div/p[2] 
2018-06-13 16:32:13,817 - BasePage - INFO - The element '  ' was clicked.
2018-06-13 16:32:13,856 - BasePage - INFO - Into the frame is % iframe ***
2018-06-13 16:32:14,631 - BasePage - INFO - Had take screenshot and save to folder : /screenshots
2018-06-13 16:32:14,689 - BasePage - INFO - Had find the element ' 预算年度 ' successful by xpath via value: html/body/table/tbody/tr[3]/td/table/tbody/tr/td[3] 
2018-06-13 16:32:14,713 - BasePage - INFO - Current page title is 怡亚通集团管控系统平台
2018-06-13 16:32:16,415 - MYtest - INFO - browser maximize the current window.
2018-06-13 16:32:16,419 - MYtest - INFO - Open browser url is: http://oa.eascs.com/eaoa/
2018-06-13 16:32:18,476 - BasePage - INFO - Had find the element ' OA ' successful by xpath via value: .//*[@id='ea-system']/li[2] 
2018-06-13 16:32:18,640 - BasePage - INFO - The element ' OA ' was clicked.
2018-06-13 16:32:19,141 - BasePage - INFO - Sleep for 0 seconds
2018-06-13 16:32:19,201 - BasePage - INFO - Had find the element ' 财务管理 ' successful by xpath via value: .//*[@id='ea-scroll']/div/div[3]/p 
2018-06-13 16:32:19,309 - BasePage - INFO - The element ' 财务管理 ' was clicked.
2018-06-13 16:32:19,492 - BasePage - INFO - Had find the element ' 预算管理 ' successful by xpath via value: .//*[@id='ea-scroll']/div/div[3]/div/div[8]/p 
2018-06-13 16:32:19,591 - BasePage - INFO - The element ' 预算管理 ' was clicked.
2018-06-13 16:32:19,992 - BasePage - INFO - Sleep for 0 seconds
2018-06-13 16:32:20,058 - BasePage - INFO - Had find the element ' 额度管理 ' successful by xpath via value: .//*[@id='ea-scroll']/div/div[3]/div/div[8]/div/p[3] 
2018-06-13 16:32:22,564 - BasePage - INFO - The element '  ' was clicked.
2018-06-13 16:32:22,605 - BasePage - INFO - Into the frame is % iframe ***
2018-06-13 16:32:23,500 - BasePage - INFO - Had take screenshot and save to folder : /screenshots
2018-06-13 16:32:25,243 - MYtest - INFO - browser maximize the current window.
2018-06-13 16:32:25,246 - MYtest - INFO - Open browser url is: http://oa.eascs.com/eaoa/
2018-06-13 16:32:27,426 - BasePage - INFO - Had find the element ' OA ' successful by xpath via value: .//*[@id='ea-system']/li[2] 
2018-06-13 16:32:27,535 - BasePage - INFO - The element ' OA ' was clicked.
2018-06-13 16:32:28,035 - BasePage - INFO - Sleep for 0 seconds
2018-06-13 16:32:28,099 - BasePage - INFO - Had find the element ' 财务管理 ' successful by xpath via value: .//*[@id='ea-scroll']/div/div[3]/p 
2018-06-13 16:32:28,225 - BasePage - INFO - The element ' 财务管理 ' was clicked.
2018-06-13 16:32:28,382 - BasePage - INFO - Had find the element ' 预算管理 ' successful by xpath via value: .//*[@id='ea-scroll']/div/div[3]/div/div[8]/p 
2018-06-13 16:32:28,472 - BasePage - INFO - The element ' 预算管理 ' was clicked.
2018-06-13 16:32:28,873 - BasePage - INFO - Sleep for 0 seconds
2018-06-13 16:32:28,948 - BasePage - INFO - Had find the element ' 额度比例申请 ' successful by xpath via value: .//*[@id='ea-scroll']/div/div[3]/div/div[8]/div/p[4] 
2018-06-13 16:32:30,838 - BasePage - INFO - The element '  ' was clicked.
2018-06-13 16:32:30,868 - BasePage - INFO - Into the frame is % iframe ***
2018-06-13 16:32:31,679 - BasePage - INFO - Had take screenshot and save to folder : /screenshots
2018-06-13 16:32:31,751 - BasePage - INFO - Had find the element ' 单据编号 ' successful by id via value: billcode 
2018-06-13 16:32:31,777 - BasePage - INFO - Current page title is 怡亚通集团管控系统平台
2018-06-13 16:32:33,631 - MYtest - INFO - browser maximize the current window.
2018-06-13 16:32:33,638 - MYtest - INFO - Open browser url is: http://oa.eascs.com/eaoa/
2018-06-13 16:32:36,228 - BasePage - INFO - Had find the element ' OA ' successful by xpath via value: .//*[@id='ea-system']/li[2] 
2018-06-13 16:32:36,344 - BasePage - INFO - The element ' OA ' was clicked.
2018-06-13 16:32:36,844 - BasePage - INFO - Sleep for 0 seconds
2018-06-13 16:32:36,914 - BasePage - INFO - Had find the element ' 财务管理 ' successful by xpath via value: .//*[@id='ea-scroll']/div/div[3]/p 
2018-06-13 16:32:37,058 - BasePage - INFO - The element ' 财务管理 ' was clicked.
2018-06-13 16:32:37,193 - BasePage - INFO - Had find the element ' 预算管理 ' successful by xpath via value: .//*[@id='ea-scroll']/div/div[3]/div/div[8]/p 
2018-06-13 16:32:37,288 - BasePage - INFO - The element ' 预算管理 ' was clicked.
2018-06-13 16:32:37,688 - BasePage - INFO - Sleep for 0 seconds
2018-06-13 16:32:37,751 - BasePage - INFO - Had find the element ' 额度报表 ' successful by xpath via value: .//*[@id='ea-scroll']/div/div[3]/div/div[8]/div/p[5] 
2018-06-13 16:32:39,496 - BasePage - INFO - The element '  ' was clicked.
2018-06-13 16:32:39,525 - BasePage - INFO - Into the frame is % iframe ***
2018-06-13 16:32:40,416 - BasePage - INFO - Had take screenshot and save to folder : /screenshots
2018-06-13 16:32:40,480 - BasePage - INFO - Had find the element ' 年度 ' successful by xpath via value: .//*[@id='results_table']/tbody/tr/td[3] 
2018-06-13 16:32:40,503 - BasePage - INFO - Current page title is 怡亚通集团管控系统平台
2018-06-13 16:32:40,514 - BasePage - INFO - back frame
