2018-06-01 11:04:19,791 - MYtest - INFO - You had select <selenium.webdriver.chrome.webdriver.WebDriver (session="db440d657c0a87ea3ea9989f08f75e4c")> browser.
2018-06-01 11:04:20,061 - MYtest - INFO - browser maximize the current window.
2018-06-01 11:04:20,072 - MYtest - INFO - Open browser url is: http://oa.eascs.com/eaoa/
2018-06-01 11:04:26,229 - BasePage - INFO - Had find the element ' OA ' successful by xpath via value: .//*[@id='ea-system']/li[2] 
2018-06-01 11:04:26,922 - BasePage - INFO - The element ' OA ' was clicked.
2018-06-01 11:04:27,422 - BasePage - INFO - Sleep for 0 seconds
2018-06-01 11:04:27,505 - BasePage - INFO - Had find the element ' 财务管理 ' successful by xpath via value: .//*[@id='ea-scroll']/div/div[3]/p 
2018-06-01 11:04:27,629 - BasePage - INFO - The element ' 财务管理 ' was clicked.
2018-06-01 11:04:27,799 - BasePage - INFO - Had find the element ' 预算管理 ' successful by xpath via value: .//*[@id='ea-scroll']/div/div[3]/div/div[8]/p 
2018-06-01 11:04:27,912 - BasePage - INFO - The element ' 预算管理 ' was clicked.
2018-06-01 11:04:28,213 - BasePage - INFO - Sleep for 0 seconds
2018-06-01 11:04:28,277 - BasePage - INFO - Had find the element ' 预算申请 ' successful by xpath via value: .//*[@id='ea-scroll']/div/div[3]/div/div[8]/div/p[1] 
2018-06-01 11:04:32,437 - BasePage - INFO - The element ' 预算申请 ' was clicked.
2018-06-01 11:04:32,480 - BasePage - INFO - Into the frame is % iframe ***
2018-06-01 11:04:33,577 - BasePage - INFO - Had take screenshot and save to folder : /screenshots
2018-06-01 11:04:33,637 - BasePage - INFO - Had find the element ' 预算部门 ' successful by xpath via value: html/body/table/tbody/tr[3]/td/table/tbody/tr/td[5] 
2018-06-01 11:04:33,661 - BasePage - INFO - Current page title is 怡亚通集团管控系统平台
2018-06-01 11:04:34,666 - MYtest - INFO - browser maximize the current window.
2018-06-01 11:04:34,671 - MYtest - INFO - Open browser url is: http://oa.eascs.com/eaoa/
2018-06-01 11:04:35,958 - BasePage - INFO - Had find the element ' OA ' successful by xpath via value: .//*[@id='ea-system']/li[2] 
2018-06-01 11:04:36,217 - BasePage - INFO - The element ' OA ' was clicked.
2018-06-01 11:04:36,717 - BasePage - INFO - Sleep for 0 seconds
2018-06-01 11:04:36,771 - BasePage - INFO - Had find the element ' 财务管理 ' successful by xpath via value: .//*[@id='ea-scroll']/div/div[3]/p 
2018-06-01 11:04:36,889 - BasePage - INFO - The element ' 财务管理 ' was clicked.
2018-06-01 11:04:37,018 - BasePage - INFO - Had find the element ' 预算管理 ' successful by xpath via value: .//*[@id='ea-scroll']/div/div[3]/div/div[8]/p 
2018-06-01 11:04:37,118 - BasePage - INFO - The element ' 预算管理 ' was clicked.
2018-06-01 11:04:37,520 - BasePage - INFO - Sleep for 0 seconds
2018-06-01 11:04:37,587 - BasePage - INFO - Had find the element ' 预算调整 ' successful by xpath via value: .//*[@id='ea-scroll']/div/div[3]/div/div[8]/div/p[2] 
2018-06-01 11:04:39,119 - BasePage - INFO - The element ' 预算调整 ' was clicked.
2018-06-01 11:04:39,150 - BasePage - INFO - Into the frame is % iframe ***
2018-06-01 11:04:39,949 - BasePage - INFO - Had take screenshot and save to folder : /screenshots
2018-06-01 11:04:40,011 - BasePage - INFO - Had find the element ' 预算年度 ' successful by xpath via value: html/body/table/tbody/tr[3]/td/table/tbody/tr/td[3] 
2018-06-01 11:04:40,036 - BasePage - INFO - Current page title is 怡亚通集团管控系统平台
2018-06-01 11:04:41,135 - MYtest - INFO - browser maximize the current window.
2018-06-01 11:04:41,138 - MYtest - INFO - Open browser url is: http://oa.eascs.com/eaoa/
2018-06-01 11:04:42,707 - BasePage - INFO - Had find the element ' OA ' successful by xpath via value: .//*[@id='ea-system']/li[2] 
2018-06-01 11:04:42,850 - BasePage - INFO - The element ' OA ' was clicked.
2018-06-01 11:04:43,350 - BasePage - INFO - Sleep for 0 seconds
2018-06-01 11:04:43,400 - BasePage - INFO - Had find the element ' 财务管理 ' successful by xpath via value: .//*[@id='ea-scroll']/div/div[3]/p 
2018-06-01 11:04:43,532 - BasePage - INFO - The element ' 财务管理 ' was clicked.
2018-06-01 11:04:43,635 - BasePage - INFO - Had find the element ' 预算管理 ' successful by xpath via value: .//*[@id='ea-scroll']/div/div[3]/div/div[8]/p 
2018-06-01 11:04:43,737 - BasePage - INFO - The element ' 预算管理 ' was clicked.
2018-06-01 11:04:44,138 - BasePage - INFO - Sleep for 0 seconds
2018-06-01 11:04:44,209 - BasePage - INFO - Had find the element ' 额度报表 ' successful by xpath via value: .//*[@id='ea-scroll']/div/div[3]/div/div[8]/div/p[5] 
2018-06-01 11:04:45,521 - BasePage - INFO - The element ' 额度报表 ' was clicked.
2018-06-01 11:04:56,801 - MYtest - INFO - browser maximize the current window.
2018-06-01 11:04:56,804 - MYtest - INFO - Open browser url is: http://oa.eascs.com/eaoa/
2018-06-01 11:04:58,420 - BasePage - INFO - Had find the element ' OA ' successful by xpath via value: .//*[@id='ea-system']/li[2] 
2018-06-01 11:04:58,732 - BasePage - INFO - The element ' OA ' was clicked.
2018-06-01 11:04:59,233 - BasePage - INFO - Sleep for 0 seconds
2018-06-01 11:04:59,292 - BasePage - INFO - Had find the element ' 财务管理 ' successful by xpath via value: .//*[@id='ea-scroll']/div/div[3]/p 
2018-06-01 11:04:59,419 - BasePage - INFO - The element ' 财务管理 ' was clicked.
2018-06-01 11:04:59,549 - BasePage - INFO - Had find the element ' 预算管理 ' successful by xpath via value: .//*[@id='ea-scroll']/div/div[3]/div/div[8]/p 
2018-06-01 11:04:59,646 - BasePage - INFO - The element ' 预算管理 ' was clicked.
2018-06-01 11:05:00,046 - BasePage - INFO - Sleep for 0 seconds
2018-06-01 11:05:02,016 - MYtest - INFO - browser maximize the current window.
2018-06-01 11:05:02,020 - MYtest - INFO - Open browser url is: http://oa.eascs.com/eaoa/
2018-06-01 11:05:03,626 - BasePage - INFO - Had find the element ' OA ' successful by xpath via value: .//*[@id='ea-system']/li[2] 
2018-06-01 11:05:03,768 - BasePage - INFO - The element ' OA ' was clicked.
2018-06-01 11:05:04,268 - BasePage - INFO - Sleep for 0 seconds
2018-06-01 11:05:04,323 - BasePage - INFO - Had find the element ' 财务管理 ' successful by xpath via value: .//*[@id='ea-scroll']/div/div[3]/p 
2018-06-01 11:05:04,450 - BasePage - INFO - The element ' 财务管理 ' was clicked.
2018-06-01 11:05:04,545 - BasePage - INFO - Had find the element ' 预算管理 ' successful by xpath via value: .//*[@id='ea-scroll']/div/div[3]/div/div[8]/p 
2018-06-01 11:05:04,679 - BasePage - INFO - The element ' 预算管理 ' was clicked.
2018-06-01 11:05:05,079 - BasePage - INFO - Sleep for 0 seconds
