2018-06-13 11:05:22,493 - MYtest - INFO - You had select <selenium.webdriver.chrome.webdriver.WebDriver (session="a53b2767ae4862a49031c114e7c77cdf")> browser.
2018-06-13 11:05:22,783 - MYtest - INFO - browser maximize the current window.
2018-06-13 11:05:22,792 - MYtest - INFO - Open browser url is: http://oa.eascs.com/eaoa/
2018-06-13 11:05:31,730 - BasePage - INFO - Had find the element ' OA ' successful by xpath via value: .//*[@id='ea-system']/li[2] 
2018-06-13 11:05:31,892 - BasePage - INFO - The element ' OA ' was clicked.
2018-06-13 11:05:32,393 - BasePage - INFO - Sleep for 0 seconds
2018-06-13 11:05:32,461 - BasePage - INFO - Had find the element ' IT服务 ' successful by xpath via value: .//*[@id='ea-scroll']/div/div[9]/p 
2018-06-13 11:05:32,573 - BasePage - INFO - The element ' IT服务 ' was clicked.
2018-06-13 11:05:32,725 - BasePage - INFO - Had find the element ' 权限管理 ' successful by xpath via value: .//*[@id='ea-scroll']/div/div[9]/div/div[5]/p 
2018-06-13 11:05:32,818 - BasePage - INFO - The element ' 权限管理 ' was clicked.
2018-06-13 11:05:32,919 - BasePage - INFO - Sleep for 0 seconds
2018-06-13 11:05:33,108 - BasePage - INFO - Had find the element ' 工作流授权 ' successful by xpath via value: .//*[@id='ea-scroll']/div/div[9]/div/div[5]/div/p[1] 
2018-06-13 11:05:34,861 - BasePage - INFO - The element ' 工作流授权 ' was clicked.
2018-06-13 11:05:34,902 - BasePage - INFO - Into the frame is % iframe ***
2018-06-13 11:05:37,269 - MYtest - INFO - browser maximize the current window.
2018-06-13 11:05:37,274 - MYtest - INFO - Open browser url is: http://oa.eascs.com/eaoa/
2018-06-13 11:05:39,397 - BasePage - INFO - Had find the element ' OA ' successful by xpath via value: .//*[@id='ea-system']/li[2] 
2018-06-13 11:05:39,512 - BasePage - INFO - The element ' OA ' was clicked.
2018-06-13 11:05:40,013 - BasePage - INFO - Sleep for 0 seconds
2018-06-13 11:05:40,059 - BasePage - INFO - Had find the element ' IT服务 ' successful by xpath via value: .//*[@id='ea-scroll']/div/div[9]/p 
2018-06-13 11:05:40,178 - BasePage - INFO - The element ' IT服务 ' was clicked.
2018-06-13 11:05:40,302 - BasePage - INFO - Had find the element ' 权限管理 ' successful by xpath via value: .//*[@id='ea-scroll']/div/div[9]/div/div[5]/p 
2018-06-13 11:05:40,396 - BasePage - INFO - The element ' 权限管理 ' was clicked.
2018-06-13 11:05:40,496 - BasePage - INFO - Sleep for 0 seconds
2018-06-13 11:05:40,582 - BasePage - INFO - Had find the element ' 系统授权申请 ' successful by xpath via value: .//*[@id='ea-scroll']/div/div[9]/div/div[5]/div/p[2] 
2018-06-13 11:05:42,313 - BasePage - INFO - The element ' 系统授权申请 ' was clicked.
2018-06-13 11:05:42,349 - BasePage - INFO - Into the frame is % iframe ***
