2018-06-11 11:09:37,895 - MYtest - INFO - You had select <selenium.webdriver.chrome.webdriver.WebDriver (session="f4505677b06b3e6d2ea2abe1760c09e6")> browser.
2018-06-11 11:09:38,134 - MYtest - INFO - browser maximize the current window.
2018-06-11 11:09:38,140 - MYtest - INFO - Open browser url is: http://oa.eascs.com/eaoa/
2018-06-11 11:09:43,806 - BasePage - INFO - Had find the element ' OA ' successful by xpath via value: .//*[@id='ea-system']/li[2] 
2018-06-11 11:09:43,958 - BasePage - INFO - The element ' OA ' was clicked.
2018-06-11 11:09:44,459 - BasePage - INFO - Sleep for 0 seconds
2018-06-11 11:09:44,519 - BasePage - INFO - Had find the element ' 营运管理 ' successful by xpath via value: .//*[@id='ea-scroll']/div/div[6]/p 
2018-06-11 11:09:44,620 - BasePage - INFO - The element ' 营运管理 ' was clicked.
2018-06-11 11:09:44,796 - BasePage - INFO - Had find the element ' 批文管理 ' successful by xpath via value: .//*[@id='ea-scroll']/div/div[6]/div/div[1]/p 
2018-06-11 11:09:44,888 - BasePage - INFO - The element ' 批文管理 ' was clicked.
2018-06-11 11:09:44,949 - BasePage - INFO - Had find the element ' 报关委托书查询 ' successful by xpath via value: .//*[@id='ea-scroll']/div/div[6]/div/div[1]/div/p[1] 
2018-06-11 11:09:46,535 - BasePage - INFO - The element '  ' was clicked.
2018-06-11 11:09:46,569 - BasePage - INFO - Into the frame is % iframe ***
2018-06-11 11:09:47,726 - BasePage - INFO - Had take screenshot and save to folder : /screenshots
2018-06-11 11:09:47,784 - BasePage - INFO - Had find the element ' 状态 ' successful by xpath via value: html/body/table/tbody/tr[6]/td/table/tbody/tr/td[3] 
2018-06-11 11:09:47,806 - BasePage - INFO - Current page title is 怡亚通集团管控系统平台
2018-06-11 11:09:48,834 - MYtest - INFO - browser maximize the current window.
2018-06-11 11:09:48,838 - MYtest - INFO - Open browser url is: http://oa.eascs.com/eaoa/
2018-06-11 11:09:49,839 - BasePage - INFO - Had find the element ' OA ' successful by xpath via value: .//*[@id='ea-system']/li[2] 
2018-06-11 11:09:49,989 - BasePage - INFO - The element ' OA ' was clicked.
2018-06-11 11:09:50,490 - BasePage - INFO - Sleep for 0 seconds
2018-06-11 11:09:50,546 - BasePage - INFO - Had find the element ' 营运管理 ' successful by xpath via value: .//*[@id='ea-scroll']/div/div[6]/p 
2018-06-11 11:09:50,655 - BasePage - INFO - The element ' 营运管理 ' was clicked.
2018-06-11 11:09:50,773 - BasePage - INFO - Had find the element ' 批文管理 ' successful by xpath via value: .//*[@id='ea-scroll']/div/div[6]/div/div[1]/p 
2018-06-11 11:09:50,864 - BasePage - INFO - The element ' 批文管理 ' was clicked.
2018-06-11 11:09:50,923 - BasePage - INFO - Had find the element ' 报关委托书申请 ' successful by xpath via value: .//*[@id='ea-scroll']/div/div[6]/div/div[1]/div/p[2] 
2018-06-11 11:09:51,381 - BasePage - INFO - The element ' 报关委托书申请 ' was clicked.
2018-06-11 11:09:51,410 - BasePage - INFO - Into the frame is % iframe ***
2018-06-11 11:09:53,006 - BasePage - INFO - Had take screenshot and save to folder : /screenshots
2018-06-11 11:09:53,048 - BasePage - INFO - Had find the element ' 经营单位 ' successful by xpath via value: html/body/table/tbody/tr[6]/td/table/tbody/tr/td[3] 
2018-06-11 11:09:53,070 - BasePage - INFO - Current page title is 怡亚通集团管控系统平台
